<?xml version="1.0" encoding="UTF-8"?>
<!-- Generated by org.testng.reporters.JUnitXMLReporter -->
<testsuite ignored="28" hostname="preetiacer" failures="3" tests="5" name="Test(failed)" time="91.581" errors="0" timestamp="2023-02-15T21:46:57 PST">
  <testcase classname="salesForce.ApplicationTest" name="createAccountReport14" time="24.538"/>
  <testcase classname="salesForce.ApplicationTest" name="defaultView22" time="10.346">
    <failure type="org.openqa.selenium.StaleElementReferenceException" message="stale element reference: element is not attached to the page document
  (Session info: chrome=110.0.5481.100)
For documentation on this error, please visit: https://www.seleniumhq.org/exceptions/stale_element_reference.html
Build info: version: &amp;apos;3.141.59&amp;apos;, revision: &amp;apos;e82be7d358&amp;apos;, time: &amp;apos;2018-11-14T08:17:03&amp;apos;
System info: host: &amp;apos;PREETIACER&amp;apos;, ip: &amp;apos;192.168.254.149&amp;apos;, os.name: &amp;apos;Windows 11&amp;apos;, os.arch: &amp;apos;amd64&amp;apos;, os.version: &amp;apos;10.0&amp;apos;, java.version: &amp;apos;19.0.1&amp;apos;
Driver info: org.openqa.selenium.chrome.ChromeDriver
Capabilities {acceptInsecureCerts: false, browserName: chrome, browserVersion: 110.0.5481.100, chrome: {chromedriverVersion: 110.0.5481.77 (65ed616c6e8e..., userDataDir: C:\Users\love_\AppData\Loca...}, goog:chromeOptions: {debuggerAddress: localhost:54857}, javascriptEnabled: true, networkConnectionEnabled: false, pageLoadStrategy: normal, platform: WINDOWS, platformName: WINDOWS, proxy: Proxy(), setWindowRect: true, strictFileInteractability: false, timeouts: {implicit: 0, pageLoad: 300000, script: 30000}, unhandledPromptBehavior: dismiss and notify, webauthn:extension:credBlob: true, webauthn:extension:largeBlob: true, webauthn:virtualAuthenticators: true}
Session ID: e0df34499ac5c95b064aaa0d10d8fc73">
      <![CDATA[org.openqa.selenium.StaleElementReferenceException: stale element reference: element is not attached to the page document
  (Session info: chrome=110.0.5481.100)
For documentation on this error, please visit: https://www.seleniumhq.org/exceptions/stale_element_reference.html
Build info: version: '3.141.59', revision: 'e82be7d358', time: '2018-11-14T08:17:03'
System info: host: 'PREETIACER', ip: '192.168.254.149', os.name: 'Windows 11', os.arch: 'amd64', os.version: '10.0', java.version: '19.0.1'
Driver info: org.openqa.selenium.chrome.ChromeDriver
Capabilities {acceptInsecureCerts: false, browserName: chrome, browserVersion: 110.0.5481.100, chrome: {chromedriverVersion: 110.0.5481.77 (65ed616c6e8e..., userDataDir: C:\Users\love_\AppData\Loca...}, goog:chromeOptions: {debuggerAddress: localhost:54857}, javascriptEnabled: true, networkConnectionEnabled: false, pageLoadStrategy: normal, platform: WINDOWS, platformName: WINDOWS, proxy: Proxy(), setWindowRect: true, strictFileInteractability: false, timeouts: {implicit: 0, pageLoad: 300000, script: 30000}, unhandledPromptBehavior: dismiss and notify, webauthn:extension:credBlob: true, webauthn:extension:largeBlob: true, webauthn:virtualAuthenticators: true}
Session ID: e0df34499ac5c95b064aaa0d10d8fc73
at org.openqa.selenium.remote.http.W3CHttpResponseCodec.createException(W3CHttpResponseCodec.java:187)
at org.openqa.selenium.remote.http.W3CHttpResponseCodec.decode(W3CHttpResponseCodec.java:122)
at org.openqa.selenium.remote.http.W3CHttpResponseCodec.decode(W3CHttpResponseCodec.java:49)
at org.openqa.selenium.remote.HttpCommandExecutor.execute(HttpCommandExecutor.java:158)
at org.openqa.selenium.remote.service.DriverCommandExecutor.execute(DriverCommandExecutor.java:83)
at org.openqa.selenium.remote.RemoteWebDriver.execute(RemoteWebDriver.java:552)
at org.openqa.selenium.remote.RemoteWebElement.execute(RemoteWebElement.java:285)
at org.openqa.selenium.remote.RemoteWebElement.getTagName(RemoteWebElement.java:128)
at org.openqa.selenium.support.ui.Select.<init>(Select.java:45)
at salesForce.ParentApplicationTest.getSelectedOption(ParentApplicationTest.java:246)
at salesForce.ApplicationTest.defaultView22(ApplicationTest.java:741)
at java.base/java.util.ArrayList.forEach(ArrayList.java:1511)
... Removed 28 stack frames]]>
    </failure>
  </testcase> <!-- defaultView22 -->
  <testcase classname="salesForce.ApplicationTest" name="todaysLeads23" time="10.458">
    <failure type="org.openqa.selenium.StaleElementReferenceException" message="stale element reference: element is not attached to the page document
  (Session info: chrome=110.0.5481.100)
For documentation on this error, please visit: https://www.seleniumhq.org/exceptions/stale_element_reference.html
Build info: version: &amp;apos;3.141.59&amp;apos;, revision: &amp;apos;e82be7d358&amp;apos;, time: &amp;apos;2018-11-14T08:17:03&amp;apos;
System info: host: &amp;apos;PREETIACER&amp;apos;, ip: &amp;apos;192.168.254.149&amp;apos;, os.name: &amp;apos;Windows 11&amp;apos;, os.arch: &amp;apos;amd64&amp;apos;, os.version: &amp;apos;10.0&amp;apos;, java.version: &amp;apos;19.0.1&amp;apos;
Driver info: org.openqa.selenium.chrome.ChromeDriver
Capabilities {acceptInsecureCerts: false, browserName: chrome, browserVersion: 110.0.5481.100, chrome: {chromedriverVersion: 110.0.5481.77 (65ed616c6e8e..., userDataDir: C:\Users\love_\AppData\Loca...}, goog:chromeOptions: {debuggerAddress: localhost:54907}, javascriptEnabled: true, networkConnectionEnabled: false, pageLoadStrategy: normal, platform: WINDOWS, platformName: WINDOWS, proxy: Proxy(), setWindowRect: true, strictFileInteractability: false, timeouts: {implicit: 0, pageLoad: 300000, script: 30000}, unhandledPromptBehavior: dismiss and notify, webauthn:extension:credBlob: true, webauthn:extension:largeBlob: true, webauthn:virtualAuthenticators: true}
Session ID: 3fe920bed6a7f4e38696834cf4b910ff">
      <![CDATA[org.openqa.selenium.StaleElementReferenceException: stale element reference: element is not attached to the page document
  (Session info: chrome=110.0.5481.100)
For documentation on this error, please visit: https://www.seleniumhq.org/exceptions/stale_element_reference.html
Build info: version: '3.141.59', revision: 'e82be7d358', time: '2018-11-14T08:17:03'
System info: host: 'PREETIACER', ip: '192.168.254.149', os.name: 'Windows 11', os.arch: 'amd64', os.version: '10.0', java.version: '19.0.1'
Driver info: org.openqa.selenium.chrome.ChromeDriver
Capabilities {acceptInsecureCerts: false, browserName: chrome, browserVersion: 110.0.5481.100, chrome: {chromedriverVersion: 110.0.5481.77 (65ed616c6e8e..., userDataDir: C:\Users\love_\AppData\Loca...}, goog:chromeOptions: {debuggerAddress: localhost:54907}, javascriptEnabled: true, networkConnectionEnabled: false, pageLoadStrategy: normal, platform: WINDOWS, platformName: WINDOWS, proxy: Proxy(), setWindowRect: true, strictFileInteractability: false, timeouts: {implicit: 0, pageLoad: 300000, script: 30000}, unhandledPromptBehavior: dismiss and notify, webauthn:extension:credBlob: true, webauthn:extension:largeBlob: true, webauthn:virtualAuthenticators: true}
Session ID: 3fe920bed6a7f4e38696834cf4b910ff
at org.openqa.selenium.remote.http.W3CHttpResponseCodec.createException(W3CHttpResponseCodec.java:187)
at org.openqa.selenium.remote.http.W3CHttpResponseCodec.decode(W3CHttpResponseCodec.java:122)
at org.openqa.selenium.remote.http.W3CHttpResponseCodec.decode(W3CHttpResponseCodec.java:49)
at org.openqa.selenium.remote.HttpCommandExecutor.execute(HttpCommandExecutor.java:158)
at org.openqa.selenium.remote.service.DriverCommandExecutor.execute(DriverCommandExecutor.java:83)
at org.openqa.selenium.remote.RemoteWebDriver.execute(RemoteWebDriver.java:552)
at org.openqa.selenium.remote.RemoteWebElement.execute(RemoteWebElement.java:285)
at org.openqa.selenium.remote.RemoteWebElement.getTagName(RemoteWebElement.java:128)
at org.openqa.selenium.support.ui.Select.<init>(Select.java:45)
at salesForce.ParentApplicationTest.getSelectedOption(ParentApplicationTest.java:246)
at salesForce.ApplicationTest.todaysLeads23(ApplicationTest.java:779)
at java.base/java.util.ArrayList.forEach(ArrayList.java:1511)
... Removed 28 stack frames]]>
    </failure>
  </testcase> <!-- todaysLeads23 -->
  <testcase classname="salesForce.ApplicationTest" name="firstlastName33" time="9.624"/>
  <testcase classname="salesForce.ApplicationTest" name="blockingEvent36" time="15.25">
    <failure type="org.openqa.selenium.NoSuchElementException" message="no such element: Unable to locate element: {&amp;quot;method&amp;quot;:&amp;quot;xpath&amp;quot;,&amp;quot;selector&amp;quot;:&amp;quot;//li[@class=&amp;apos;listItem4&amp;apos;]/a&amp;quot;}
  (Session info: chrome=110.0.5481.100)
For documentation on this error, please visit: https://www.seleniumhq.org/exceptions/no_such_element.html
Build info: version: &amp;apos;3.141.59&amp;apos;, revision: &amp;apos;e82be7d358&amp;apos;, time: &amp;apos;2018-11-14T08:17:03&amp;apos;
System info: host: &amp;apos;PREETIACER&amp;apos;, ip: &amp;apos;192.168.254.149&amp;apos;, os.name: &amp;apos;Windows 11&amp;apos;, os.arch: &amp;apos;amd64&amp;apos;, os.version: &amp;apos;10.0&amp;apos;, java.version: &amp;apos;19.0.1&amp;apos;
Driver info: org.openqa.selenium.chrome.ChromeDriver
Capabilities {acceptInsecureCerts: false, browserName: chrome, browserVersion: 110.0.5481.100, chrome: {chromedriverVersion: 110.0.5481.77 (65ed616c6e8e..., userDataDir: C:\Users\love_\AppData\Loca...}, goog:chromeOptions: {debuggerAddress: localhost:55000}, javascriptEnabled: true, networkConnectionEnabled: false, pageLoadStrategy: normal, platform: WINDOWS, platformName: WINDOWS, proxy: Proxy(), setWindowRect: true, strictFileInteractability: false, timeouts: {implicit: 0, pageLoad: 300000, script: 30000}, unhandledPromptBehavior: dismiss and notify, webauthn:extension:credBlob: true, webauthn:extension:largeBlob: true, webauthn:virtualAuthenticators: true}
Session ID: dd2e7d40bb6347ead5c4b93333529d4c
*** Element info: {Using=xpath, value=//li[@class=&amp;apos;listItem4&amp;apos;]/a}">
      <![CDATA[org.openqa.selenium.NoSuchElementException: no such element: Unable to locate element: {"method":"xpath","selector":"//li[@class='listItem4']/a"}
  (Session info: chrome=110.0.5481.100)
For documentation on this error, please visit: https://www.seleniumhq.org/exceptions/no_such_element.html
Build info: version: '3.141.59', revision: 'e82be7d358', time: '2018-11-14T08:17:03'
System info: host: 'PREETIACER', ip: '192.168.254.149', os.name: 'Windows 11', os.arch: 'amd64', os.version: '10.0', java.version: '19.0.1'
Driver info: org.openqa.selenium.chrome.ChromeDriver
Capabilities {acceptInsecureCerts: false, browserName: chrome, browserVersion: 110.0.5481.100, chrome: {chromedriverVersion: 110.0.5481.77 (65ed616c6e8e..., userDataDir: C:\Users\love_\AppData\Loca...}, goog:chromeOptions: {debuggerAddress: localhost:55000}, javascriptEnabled: true, networkConnectionEnabled: false, pageLoadStrategy: normal, platform: WINDOWS, platformName: WINDOWS, proxy: Proxy(), setWindowRect: true, strictFileInteractability: false, timeouts: {implicit: 0, pageLoad: 300000, script: 30000}, unhandledPromptBehavior: dismiss and notify, webauthn:extension:credBlob: true, webauthn:extension:largeBlob: true, webauthn:virtualAuthenticators: true}
Session ID: dd2e7d40bb6347ead5c4b93333529d4c
*** Element info: {Using=xpath, value=//li[@class='listItem4']/a}
at org.openqa.selenium.remote.http.W3CHttpResponseCodec.createException(W3CHttpResponseCodec.java:187)
at org.openqa.selenium.remote.http.W3CHttpResponseCodec.decode(W3CHttpResponseCodec.java:122)
at org.openqa.selenium.remote.http.W3CHttpResponseCodec.decode(W3CHttpResponseCodec.java:49)
at org.openqa.selenium.remote.HttpCommandExecutor.execute(HttpCommandExecutor.java:158)
at org.openqa.selenium.remote.service.DriverCommandExecutor.execute(DriverCommandExecutor.java:83)
at org.openqa.selenium.remote.RemoteWebDriver.execute(RemoteWebDriver.java:552)
at org.openqa.selenium.remote.RemoteWebDriver.findElement(RemoteWebDriver.java:323)
at org.openqa.selenium.remote.RemoteWebDriver.findElementByXPath(RemoteWebDriver.java:428)
at org.openqa.selenium.By$ByXPath.findElement(By.java:353)
at org.openqa.selenium.remote.RemoteWebDriver.findElement(RemoteWebDriver.java:315)
at salesForce.ApplicationTest.blockingEvent36(ApplicationTest.java:1164)
at java.base/java.util.ArrayList.forEach(ArrayList.java:1511)
... Removed 28 stack frames]]>
    </failure>
  </testcase> <!-- blockingEvent36 -->
  <testcase classname="salesForce.ApplicationTest" name="testQuaterlySummaryReport19" time="0.0">
    <ignored/>
  </testcase> <!-- testQuaterlySummaryReport19 -->
  <testcase classname="salesForce.ApplicationTest" name="newLeads24" time="0.0">
    <ignored/>
  </testcase> <!-- newLeads24 -->
  <testcase classname="salesForce.ApplicationTest" name="myContacts28" time="0.0">
    <ignored/>
  </testcase> <!-- myContacts28 -->
  <testcase classname="salesForce.ApplicationTest" name="mergeAccounts13" time="0.0">
    <ignored/>
  </testcase> <!-- mergeAccounts13 -->
  <testcase classname="salesForce.ApplicationTest" name="recentlyCreatedContact27" time="0.0">
    <ignored/>
  </testcase> <!-- recentlyCreatedContact27 -->
  <testcase classname="salesForce.ApplicationTest" name="createsaveAndNew32" time="0.0">
    <ignored/>
  </testcase> <!-- createsaveAndNew32 -->
  <testcase classname="salesForce.ApplicationTest" name="createNewContact25" time="0.0">
    <ignored/>
  </testcase> <!-- createNewContact25 -->
  <testcase classname="salesForce.ApplicationTest" name="opportunitiesDropdown15" time="0.0">
    <ignored/>
  </testcase> <!-- opportunitiesDropdown15 -->
  <testcase classname="salesForce.ApplicationTest" name="createNewView11" time="0.0">
    <ignored/>
  </testcase> <!-- createNewView11 -->
  <testcase classname="salesForce.ApplicationTest" name="userMenu5" time="0.0">
    <ignored/>
  </testcase> <!-- userMenu5 -->
  <testcase classname="salesForce.ApplicationTest" name="logoutOption9" time="0.0">
    <ignored/>
  </testcase> <!-- logoutOption9 -->
  <testcase classname="salesForce.ApplicationTest" name="errorNewView30" time="0.0">
    <ignored/>
  </testcase> <!-- errorNewView30 -->
  <testcase classname="salesForce.ApplicationTest" name="myProfileOption6" time="0.0">
    <ignored/>
  </testcase> <!-- myProfileOption6 -->
  <testcase classname="salesForce.ApplicationTest" name="editView12" time="0.0">
    <ignored/>
  </testcase> <!-- editView12 -->
  <testcase classname="salesForce.ApplicationTest" name="mySettingsOption7" time="0.0">
    <ignored/>
  </testcase> <!-- mySettingsOption7 -->
  <testcase classname="salesForce.ApplicationTest" name="createNewOpty16" time="0.0">
    <ignored/>
  </testcase> <!-- createNewOpty16 -->
  <testcase classname="salesForce.ApplicationTest" name="verifyEditedlastName34" time="0.0">
    <ignored/>
  </testcase> <!-- verifyEditedlastName34 -->
  <testcase classname="salesForce.ApplicationTest" name="testOptyPipelineReport17" time="0.0">
    <ignored/>
  </testcase> <!-- testOptyPipelineReport17 -->
  <testcase classname="salesForce.ApplicationTest" name="contactNewView26" time="0.0">
    <ignored/>
  </testcase> <!-- contactNewView26 -->
  <testcase classname="salesForce.ApplicationTest" name="verifyTabCustomization35" time="0.0">
    <ignored/>
  </testcase> <!-- verifyTabCustomization35 -->
  <testcase classname="salesForce.ApplicationTest" name="developersConsole8" time="0.0">
    <ignored/>
  </testcase> <!-- developersConsole8 -->
  <testcase classname="salesForce.ApplicationTest" name="recurringEvent37" time="0.0">
    <ignored/>
  </testcase> <!-- recurringEvent37 -->
  <testcase classname="salesForce.ApplicationTest" name="leadsSelectView21" time="0.0">
    <ignored/>
  </testcase> <!-- leadsSelectView21 -->
  <testcase classname="salesForce.ApplicationTest" name="testStuckOptyReport18" time="0.0">
    <ignored/>
  </testcase> <!-- testStuckOptyReport18 -->
  <testcase classname="salesForce.ApplicationTest" name="leadsTab20" time="0.0">
    <ignored/>
  </testcase> <!-- leadsTab20 -->
  <testcase classname="salesForce.ApplicationTest" name="createAccount10" time="0.0">
    <ignored/>
  </testcase> <!-- createAccount10 -->
  <testcase classname="salesForce.ApplicationTest" name="viewContact29" time="0.0">
    <ignored/>
  </testcase> <!-- viewContact29 -->
  <testcase classname="salesForce.ApplicationTest" name="cancelNewView31" time="0.0">
    <ignored/>
  </testcase> <!-- cancelNewView31 -->
</testsuite> <!-- Test(failed) -->
