<!DOCTYPE html PUBLIC "-//W3C//DTD XHTML 1.1//EN" "https://www.w3.org/TR/xhtml11/DTD/xhtml11.dtd">
<html xmlns="https://www.w3.org/1999/xhtml">
<head>
<meta http-equiv="content-type" content="text/html; charset=UTF-8"/>
<title>TestNG Report</title>
<style type="text/css">table {margin-bottom:10px;border-collapse:collapse;empty-cells:show}th,td {border:1px solid #009;padding:.25em .5em}th {vertical-align:bottom}td {vertical-align:top}table a {font-weight:bold}.stripe td {background-color: #E6EBF9}.num {text-align:right}.passedodd td {background-color: #3F3}.passedeven td {background-color: #0A0}.skippedodd td {background-color: #DDD}.skippedeven td {background-color: #CCC}.failedodd td,.attn {background-color: #F33}.failedeven td,.stripe .attn {background-color: #D00}.stacktrace {white-space:pre;font-family:monospace}.totop {font-size:85%;text-align:center;border-bottom:2px solid #000}.invisible {display:none}</style>
</head>
<body>
<table>
<tr><th>Test</th><th># Passed</th><th># Skipped</th><th># Retried</th><th># Failed</th><th>Time (ms)</th><th>Included Groups</th><th>Excluded Groups</th></tr>
<tr><th colspan="8">Suite</th></tr>
<tr><td><a href="#t0">Test</a></td><td class="num">35</td><td class="num">0</td><td class="num">0</td><td class="num attn">3</td><td class="num">645,393</td><td></td><td></td></tr>
</table>
<table id='summary'><thead><tr><th>Class</th><th>Method</th><th>Start</th><th>Time (ms)</th></tr></thead><tbody><tr><th colspan="4">Suite</th></tr></tbody><tbody id="t0"><tr><th colspan="4">Test &#8212; failed</th></tr><tr class="failedeven"><td rowspan="3">salesForce.ApplicationTest</td><td><a href="#m0">createAccountReport14</a></td><td rowspan="1">1676577644897</td><td rowspan="1">17186</td></tr><tr class="failedeven"><td><a href="#m1">recurringEvent37</a></td><td rowspan="1">1676578096149</td><td rowspan="1">9092</td></tr><tr class="failedeven"><td><a href="#m2">todaysLeads23</a></td><td rowspan="1">1676577813942</td><td rowspan="1">13840</td></tr><tr><th colspan="4">Test &#8212; passed</th></tr><tr class="passedeven"><td rowspan="30">salesForce.ApplicationTest</td><td><a href="#m3">blockingEvent36</a></td><td rowspan="1">1676578063071</td><td rowspan="1">28802</td></tr><tr class="passedeven"><td><a href="#m4">cancelNewView31</a></td><td rowspan="1">1676577968728</td><td rowspan="1">17724</td></tr><tr class="passedeven"><td><a href="#m5">contactNewView26</a></td><td rowspan="1">1676577873075</td><td rowspan="1">14041</td></tr><tr class="passedeven"><td><a href="#m6">createAccount10</a></td><td rowspan="1">1676577571842</td><td rowspan="1">18234</td></tr><tr class="passedeven"><td><a href="#m7">createNewContact25</a></td><td rowspan="1">1676577856236</td><td rowspan="1">13180</td></tr><tr class="passedeven"><td><a href="#m8">createNewOpty16</a></td><td rowspan="1">1676577678917</td><td rowspan="1">14224</td></tr><tr class="passedeven"><td><a href="#m9">createNewView11</a></td><td rowspan="1">1676577593834</td><td rowspan="1">12711</td></tr><tr class="passedeven"><td><a href="#m10">createsaveAndNew32</a></td><td rowspan="1">1676577990225</td><td rowspan="1">13455</td></tr><tr class="passedeven"><td><a href="#m11">defaultView22</a></td><td rowspan="1">1676577779884</td><td rowspan="1">30226</td></tr><tr class="passedeven"><td><a href="#m12">developersConsole8</a></td><td rowspan="1">1676577549207</td><td rowspan="1">9842</td></tr><tr class="passedeven"><td><a href="#m13">editView12</a></td><td rowspan="1">1676577610223</td><td rowspan="1">13751</td></tr><tr class="passedeven"><td><a href="#m14">errorNewView30</a></td><td rowspan="1">1676577939773</td><td rowspan="1">20232</td></tr><tr class="passedeven"><td><a href="#m15">firstlastName33</a></td><td rowspan="1">1676578007872</td><td rowspan="1">9472</td></tr><tr class="passedeven"><td><a href="#m16">leadsSelectView21</a></td><td rowspan="1">1676577767021</td><td rowspan="1">9214</td></tr><tr class="passedeven"><td><a href="#m17">leadsTab20</a></td><td rowspan="1">1676577748473</td><td rowspan="1">14880</td></tr><tr class="passedeven"><td><a href="#m18">logoutOption9</a></td><td rowspan="1">1676577562979</td><td rowspan="1">5200</td></tr><tr class="passedeven"><td><a href="#m19">mergeAccounts13</a></td><td rowspan="1">1676577627790</td><td rowspan="1">13475</td></tr><tr class="passedeven"><td><a href="#m20">myContacts28</a></td><td rowspan="1">1676577906765</td><td rowspan="1">12106</td></tr><tr class="passedeven"><td><a href="#m21">myProfileOption6</a></td><td rowspan="1">1676577511266</td><td rowspan="1">16754</td></tr><tr class="passedeven"><td><a href="#m22">mySettingsOption7</a></td><td rowspan="1">1676577531733</td><td rowspan="1">13666</td></tr><tr class="passedeven"><td><a href="#m23">newLeads24</a></td><td rowspan="1">1676577831625</td><td rowspan="1">20845</td></tr><tr class="passedeven"><td><a href="#m24">opportunitiesDropdown15</a></td><td rowspan="1">1676577666001</td><td rowspan="1">9226</td></tr><tr class="passedeven"><td><a href="#m25">recentlyCreatedContact27</a></td><td rowspan="1">1676577890879</td><td rowspan="1">12244</td></tr><tr class="passedeven"><td><a href="#m26">testOptyPipelineReport17</a></td><td rowspan="1">1676577696950</td><td rowspan="1">11477</td></tr><tr class="passedeven"><td><a href="#m27">testQuaterlySummaryReport19</a></td><td rowspan="1">1676577732584</td><td rowspan="1">12105</td></tr><tr class="passedeven"><td><a href="#m28">testStuckOptyReport18</a></td><td rowspan="1">1676577712637</td><td rowspan="1">15755</td></tr><tr class="passedeven"><td><a href="#m29">userMenu5</a></td><td rowspan="1">1676577501125</td><td rowspan="1">6435</td></tr><tr class="passedeven"><td><a href="#m30">verifyEditedlastName34</a></td><td rowspan="1">1676578021629</td><td rowspan="1">14687</td></tr><tr class="passedeven"><td><a href="#m31">verifyTabCustomization35</a></td><td rowspan="1">1676578040241</td><td rowspan="1">19197</td></tr><tr class="passedeven"><td><a href="#m32">viewContact29</a></td><td rowspan="1">1676577922445</td><td rowspan="1">13509</td></tr><tr class="passedodd"><td rowspan="5">salesForce.LoginTest</td><td><a href="#m33">checkRememberme3</a></td><td rowspan="1">1676577475910</td><td rowspan="1">18776</td></tr><tr class="passedodd"><td><a href="#m34">forgotPassword4A</a></td><td rowspan="1">1676577496030</td><td rowspan="1">1339</td></tr><tr class="passedodd"><td><a href="#m35">forgotPassword4B</a></td><td rowspan="1">1676577498512</td><td rowspan="1">1380</td></tr><tr class="passedodd"><td><a href="#m36">loginErrorMessage1</a></td><td rowspan="1">1676577467415</td><td rowspan="1">930</td></tr><tr class="passedodd"><td><a href="#m37">loginToSalesForce2</a></td><td rowspan="1">1676577469565</td><td rowspan="1">4996</td></tr></tbody>
</table>
<h2>Test</h2><h3 id="m0">salesForce.ApplicationTest#createAccountReport14</h3><table class="result"><tr><th>Exception</th></tr><tr><td><div class="stacktrace">org.openqa.selenium.NoSuchElementException: no such element: Unable to locate element: {&quot;method&quot;:&quot;xpath&quot;,&quot;selector&quot;:&quot;//em/button[starts-with(@id,&apos;ext-gen28&apos;)]&quot;}
  (Session info: chrome=110.0.5481.100)
For documentation on this error, please visit: https://www.seleniumhq.org/exceptions/no_such_element.html
Build info: version: &apos;3.141.59&apos;, revision: &apos;e82be7d358&apos;, time: &apos;2018-11-14T08:17:03&apos;
System info: host: &apos;PREETIACER&apos;, ip: &apos;192.168.254.149&apos;, os.name: &apos;Windows 11&apos;, os.arch: &apos;amd64&apos;, os.version: &apos;10.0&apos;, java.version: &apos;19.0.1&apos;
Driver info: org.openqa.selenium.chrome.ChromeDriver
Capabilities {acceptInsecureCerts: false, browserName: chrome, browserVersion: 110.0.5481.100, chrome: {chromedriverVersion: 110.0.5481.77 (65ed616c6e8e..., userDataDir: C:\Users\love_\AppData\Loca...}, goog:chromeOptions: {debuggerAddress: localhost:64009}, javascriptEnabled: true, networkConnectionEnabled: false, pageLoadStrategy: normal, platform: WINDOWS, platformName: WINDOWS, proxy: Proxy(), setWindowRect: true, strictFileInteractability: false, timeouts: {implicit: 0, pageLoad: 300000, script: 30000}, unhandledPromptBehavior: dismiss and notify, webauthn:extension:credBlob: true, webauthn:extension:largeBlob: true, webauthn:virtualAuthenticators: true}
Session ID: 3d0b98e6a35a4ad2e6151e0becd3f0b7
*** Element info: {Using=xpath, value=//em/button[starts-with(@id,&apos;ext-gen28&apos;)]}
	at org.openqa.selenium.remote.http.W3CHttpResponseCodec.createException(W3CHttpResponseCodec.java:187)
	at org.openqa.selenium.remote.http.W3CHttpResponseCodec.decode(W3CHttpResponseCodec.java:122)
	at org.openqa.selenium.remote.http.W3CHttpResponseCodec.decode(W3CHttpResponseCodec.java:49)
	at org.openqa.selenium.remote.HttpCommandExecutor.execute(HttpCommandExecutor.java:158)
	at org.openqa.selenium.remote.service.DriverCommandExecutor.execute(DriverCommandExecutor.java:83)
	at org.openqa.selenium.remote.RemoteWebDriver.execute(RemoteWebDriver.java:552)
	at org.openqa.selenium.remote.RemoteWebDriver.findElement(RemoteWebDriver.java:323)
	at org.openqa.selenium.remote.RemoteWebDriver.findElementByXPath(RemoteWebDriver.java:428)
	at org.openqa.selenium.By$ByXPath.findElement(By.java:353)
	at org.openqa.selenium.remote.RemoteWebDriver.findElement(RemoteWebDriver.java:315)
	at salesForce.ApplicationTest.createAccountReport14(ApplicationTest.java:516)
	at java.base/java.util.ArrayList.forEach(ArrayList.java:1511)
... Removed 28 stack frames</div></td></tr></table><p class="totop"><a href="#summary">back to summary</a></p>
<h3 id="m1">salesForce.ApplicationTest#recurringEvent37</h3><table class="result"><tr><th>Exception</th></tr><tr><td><div class="stacktrace">org.openqa.selenium.NoSuchElementException: no such element: Unable to locate element: {&quot;method&quot;:&quot;xpath&quot;,&quot;selector&quot;:&quot;//span/a[1]&quot;}
  (Session info: chrome=110.0.5481.100)
For documentation on this error, please visit: https://www.seleniumhq.org/exceptions/no_such_element.html
Build info: version: &apos;3.141.59&apos;, revision: &apos;e82be7d358&apos;, time: &apos;2018-11-14T08:17:03&apos;
System info: host: &apos;PREETIACER&apos;, ip: &apos;192.168.254.149&apos;, os.name: &apos;Windows 11&apos;, os.arch: &apos;amd64&apos;, os.version: &apos;10.0&apos;, java.version: &apos;19.0.1&apos;
Driver info: org.openqa.selenium.chrome.ChromeDriver
Capabilities {acceptInsecureCerts: false, browserName: chrome, browserVersion: 110.0.5481.100, chrome: {chromedriverVersion: 110.0.5481.77 (65ed616c6e8e..., userDataDir: C:\Users\love_\AppData\Loca...}, goog:chromeOptions: {debuggerAddress: localhost:65103}, javascriptEnabled: true, networkConnectionEnabled: false, pageLoadStrategy: normal, platform: WINDOWS, platformName: WINDOWS, proxy: Proxy(), setWindowRect: true, strictFileInteractability: false, timeouts: {implicit: 0, pageLoad: 300000, script: 30000}, unhandledPromptBehavior: dismiss and notify, webauthn:extension:credBlob: true, webauthn:extension:largeBlob: true, webauthn:virtualAuthenticators: true}
Session ID: 31578e50b3fd56fc161b130fe0338e93
*** Element info: {Using=xpath, value=//span/a[1]}
	at org.openqa.selenium.remote.http.W3CHttpResponseCodec.createException(W3CHttpResponseCodec.java:187)
	at org.openqa.selenium.remote.http.W3CHttpResponseCodec.decode(W3CHttpResponseCodec.java:122)
	at org.openqa.selenium.remote.http.W3CHttpResponseCodec.decode(W3CHttpResponseCodec.java:49)
	at org.openqa.selenium.remote.HttpCommandExecutor.execute(HttpCommandExecutor.java:158)
	at org.openqa.selenium.remote.service.DriverCommandExecutor.execute(DriverCommandExecutor.java:83)
	at org.openqa.selenium.remote.RemoteWebDriver.execute(RemoteWebDriver.java:552)
	at org.openqa.selenium.remote.RemoteWebDriver.findElement(RemoteWebDriver.java:323)
	at org.openqa.selenium.remote.RemoteWebDriver.findElementByXPath(RemoteWebDriver.java:428)
	at org.openqa.selenium.By$ByXPath.findElement(By.java:353)
	at org.openqa.selenium.remote.RemoteWebDriver.findElement(RemoteWebDriver.java:315)
	at salesForce.ApplicationTest.recurringEvent37(ApplicationTest.java:1209)
	at java.base/java.util.ArrayList.forEach(ArrayList.java:1511)
... Removed 28 stack frames</div></td></tr></table><p class="totop"><a href="#summary">back to summary</a></p>
<h3 id="m2">salesForce.ApplicationTest#todaysLeads23</h3><table class="result"><tr><th>Exception</th></tr><tr><td><div class="stacktrace">org.openqa.selenium.NoSuchElementException: no such element: Unable to locate element: {&quot;method&quot;:&quot;xpath&quot;,&quot;selector&quot;:&quot;//input[@value =&apos; Go! &apos;]&quot;}
  (Session info: chrome=110.0.5481.100)
For documentation on this error, please visit: https://www.seleniumhq.org/exceptions/no_such_element.html
Build info: version: &apos;3.141.59&apos;, revision: &apos;e82be7d358&apos;, time: &apos;2018-11-14T08:17:03&apos;
System info: host: &apos;PREETIACER&apos;, ip: &apos;192.168.254.149&apos;, os.name: &apos;Windows 11&apos;, os.arch: &apos;amd64&apos;, os.version: &apos;10.0&apos;, java.version: &apos;19.0.1&apos;
Driver info: org.openqa.selenium.chrome.ChromeDriver
Capabilities {acceptInsecureCerts: false, browserName: chrome, browserVersion: 110.0.5481.100, chrome: {chromedriverVersion: 110.0.5481.77 (65ed616c6e8e..., userDataDir: C:\Users\love_\AppData\Loca...}, goog:chromeOptions: {debuggerAddress: localhost:64435}, javascriptEnabled: true, networkConnectionEnabled: false, pageLoadStrategy: normal, platform: WINDOWS, platformName: WINDOWS, proxy: Proxy(), setWindowRect: true, strictFileInteractability: false, timeouts: {implicit: 0, pageLoad: 300000, script: 30000}, unhandledPromptBehavior: dismiss and notify, webauthn:extension:credBlob: true, webauthn:extension:largeBlob: true, webauthn:virtualAuthenticators: true}
Session ID: 21037c26d1e2099e974ff006c1aa22a9
*** Element info: {Using=xpath, value=//input[@value =&apos; Go! &apos;]}
	at org.openqa.selenium.remote.http.W3CHttpResponseCodec.createException(W3CHttpResponseCodec.java:187)
	at org.openqa.selenium.remote.http.W3CHttpResponseCodec.decode(W3CHttpResponseCodec.java:122)
	at org.openqa.selenium.remote.http.W3CHttpResponseCodec.decode(W3CHttpResponseCodec.java:49)
	at org.openqa.selenium.remote.HttpCommandExecutor.execute(HttpCommandExecutor.java:158)
	at org.openqa.selenium.remote.service.DriverCommandExecutor.execute(DriverCommandExecutor.java:83)
	at org.openqa.selenium.remote.RemoteWebDriver.execute(RemoteWebDriver.java:552)
	at org.openqa.selenium.remote.RemoteWebDriver.findElement(RemoteWebDriver.java:323)
	at org.openqa.selenium.remote.RemoteWebDriver.findElementByXPath(RemoteWebDriver.java:428)
	at org.openqa.selenium.By$ByXPath.findElement(By.java:353)
	at org.openqa.selenium.remote.RemoteWebDriver.findElement(RemoteWebDriver.java:315)
	at salesForce.ApplicationTest.todaysLeads23(ApplicationTest.java:798)
	at java.base/java.util.ArrayList.forEach(ArrayList.java:1511)
... Removed 28 stack frames</div></td></tr></table><p class="totop"><a href="#summary">back to summary</a></p>
<h3 id="m3">salesForce.ApplicationTest#blockingEvent36</h3><table class="result"><tr><th class="invisible"/></tr></table><p class="totop"><a href="#summary">back to summary</a></p>
<h3 id="m4">salesForce.ApplicationTest#cancelNewView31</h3><table class="result"><tr><th class="invisible"/></tr></table><p class="totop"><a href="#summary">back to summary</a></p>
<h3 id="m5">salesForce.ApplicationTest#contactNewView26</h3><table class="result"><tr><th class="invisible"/></tr></table><p class="totop"><a href="#summary">back to summary</a></p>
<h3 id="m6">salesForce.ApplicationTest#createAccount10</h3><table class="result"><tr><th class="invisible"/></tr></table><p class="totop"><a href="#summary">back to summary</a></p>
<h3 id="m7">salesForce.ApplicationTest#createNewContact25</h3><table class="result"><tr><th class="invisible"/></tr></table><p class="totop"><a href="#summary">back to summary</a></p>
<h3 id="m8">salesForce.ApplicationTest#createNewOpty16</h3><table class="result"><tr><th class="invisible"/></tr></table><p class="totop"><a href="#summary">back to summary</a></p>
<h3 id="m9">salesForce.ApplicationTest#createNewView11</h3><table class="result"><tr><th class="invisible"/></tr></table><p class="totop"><a href="#summary">back to summary</a></p>
<h3 id="m10">salesForce.ApplicationTest#createsaveAndNew32</h3><table class="result"><tr><th class="invisible"/></tr></table><p class="totop"><a href="#summary">back to summary</a></p>
<h3 id="m11">salesForce.ApplicationTest#defaultView22</h3><table class="result"><tr><th class="invisible"/></tr></table><p class="totop"><a href="#summary">back to summary</a></p>
<h3 id="m12">salesForce.ApplicationTest#developersConsole8</h3><table class="result"><tr><th class="invisible"/></tr></table><p class="totop"><a href="#summary">back to summary</a></p>
<h3 id="m13">salesForce.ApplicationTest#editView12</h3><table class="result"><tr><th class="invisible"/></tr></table><p class="totop"><a href="#summary">back to summary</a></p>
<h3 id="m14">salesForce.ApplicationTest#errorNewView30</h3><table class="result"><tr><th class="invisible"/></tr></table><p class="totop"><a href="#summary">back to summary</a></p>
<h3 id="m15">salesForce.ApplicationTest#firstlastName33</h3><table class="result"><tr><th class="invisible"/></tr></table><p class="totop"><a href="#summary">back to summary</a></p>
<h3 id="m16">salesForce.ApplicationTest#leadsSelectView21</h3><table class="result"><tr><th class="invisible"/></tr></table><p class="totop"><a href="#summary">back to summary</a></p>
<h3 id="m17">salesForce.ApplicationTest#leadsTab20</h3><table class="result"><tr><th class="invisible"/></tr></table><p class="totop"><a href="#summary">back to summary</a></p>
<h3 id="m18">salesForce.ApplicationTest#logoutOption9</h3><table class="result"><tr><th class="invisible"/></tr></table><p class="totop"><a href="#summary">back to summary</a></p>
<h3 id="m19">salesForce.ApplicationTest#mergeAccounts13</h3><table class="result"><tr><th class="invisible"/></tr></table><p class="totop"><a href="#summary">back to summary</a></p>
<h3 id="m20">salesForce.ApplicationTest#myContacts28</h3><table class="result"><tr><th class="invisible"/></tr></table><p class="totop"><a href="#summary">back to summary</a></p>
<h3 id="m21">salesForce.ApplicationTest#myProfileOption6</h3><table class="result"><tr><th class="invisible"/></tr></table><p class="totop"><a href="#summary">back to summary</a></p>
<h3 id="m22">salesForce.ApplicationTest#mySettingsOption7</h3><table class="result"><tr><th class="invisible"/></tr></table><p class="totop"><a href="#summary">back to summary</a></p>
<h3 id="m23">salesForce.ApplicationTest#newLeads24</h3><table class="result"><tr><th class="invisible"/></tr></table><p class="totop"><a href="#summary">back to summary</a></p>
<h3 id="m24">salesForce.ApplicationTest#opportunitiesDropdown15</h3><table class="result"><tr><th class="invisible"/></tr></table><p class="totop"><a href="#summary">back to summary</a></p>
<h3 id="m25">salesForce.ApplicationTest#recentlyCreatedContact27</h3><table class="result"><tr><th class="invisible"/></tr></table><p class="totop"><a href="#summary">back to summary</a></p>
<h3 id="m26">salesForce.ApplicationTest#testOptyPipelineReport17</h3><table class="result"><tr><th class="invisible"/></tr></table><p class="totop"><a href="#summary">back to summary</a></p>
<h3 id="m27">salesForce.ApplicationTest#testQuaterlySummaryReport19</h3><table class="result"><tr><th class="invisible"/></tr></table><p class="totop"><a href="#summary">back to summary</a></p>
<h3 id="m28">salesForce.ApplicationTest#testStuckOptyReport18</h3><table class="result"><tr><th class="invisible"/></tr></table><p class="totop"><a href="#summary">back to summary</a></p>
<h3 id="m29">salesForce.ApplicationTest#userMenu5</h3><table class="result"><tr><th class="invisible"/></tr></table><p class="totop"><a href="#summary">back to summary</a></p>
<h3 id="m30">salesForce.ApplicationTest#verifyEditedlastName34</h3><table class="result"><tr><th class="invisible"/></tr></table><p class="totop"><a href="#summary">back to summary</a></p>
<h3 id="m31">salesForce.ApplicationTest#verifyTabCustomization35</h3><table class="result"><tr><th class="invisible"/></tr></table><p class="totop"><a href="#summary">back to summary</a></p>
<h3 id="m32">salesForce.ApplicationTest#viewContact29</h3><table class="result"><tr><th class="invisible"/></tr></table><p class="totop"><a href="#summary">back to summary</a></p>
<h3 id="m33">salesForce.LoginTest#checkRememberme3</h3><table class="result"><tr><th class="invisible"/></tr></table><p class="totop"><a href="#summary">back to summary</a></p>
<h3 id="m34">salesForce.LoginTest#forgotPassword4A</h3><table class="result"><tr><th class="invisible"/></tr></table><p class="totop"><a href="#summary">back to summary</a></p>
<h3 id="m35">salesForce.LoginTest#forgotPassword4B</h3><table class="result"><tr><th class="invisible"/></tr></table><p class="totop"><a href="#summary">back to summary</a></p>
<h3 id="m36">salesForce.LoginTest#loginErrorMessage1</h3><table class="result"><tr><th class="invisible"/></tr></table><p class="totop"><a href="#summary">back to summary</a></p>
<h3 id="m37">salesForce.LoginTest#loginToSalesForce2</h3><table class="result"><tr><th class="invisible"/></tr></table><p class="totop"><a href="#summary">back to summary</a></p>
</body>
</html>
