<?xml version="1.0" encoding="UTF-8"?>
<testng-results ignored="0" total="38" passed="35" failed="3" skipped="0">
  <reporter-output>
  </reporter-output>
  <suite started-at="2023-02-16T11:57:45 PST" name="Suite" finished-at="2023-02-16T12:08:30 PST" duration-ms="645393">
    <groups>
    </groups>
    <test started-at="2023-02-16T11:57:45 PST" name="Test" finished-at="2023-02-16T12:08:30 PST" duration-ms="645393">
      <class name="salesForce.ApplicationTest">
        <test-method is-config="true" signature="setUpBeforeTest()[pri:0, instance:salesForce.ApplicationTest@4802796d]" started-at="2023-02-16T11:57:45 PST" name="setUpBeforeTest" finished-at="2023-02-16T11:57:45 PST" duration-ms="289" status="PASS">
          <reporter-output>
          </reporter-output>
        </test-method> <!-- setUpBeforeTest -->
        <test-method is-config="true" signature="setUpBeforeMethod(java.lang.String,java.lang.String,java.lang.reflect.Method)[pri:0, instance:salesForce.ApplicationTest@4802796d]" started-at="2023-02-16T11:58:19 PST" name="setUpBeforeMethod" finished-at="2023-02-16T11:58:21 PST" duration-ms="1135" status="PASS">
          <params>
            <param index="0">
              <value>
                <![CDATA[chrome]]>
              </value>
            </param>
            <param index="1">
              <value>
                <![CDATA[https://login.salesforce.com/]]>
              </value>
            </param>
            <param index="2">
              <value>
                <![CDATA[public static void salesForce.ApplicationTest.userMenu5()]]>
              </value>
            </param>
          </params>
          <reporter-output>
          </reporter-output>
        </test-method> <!-- setUpBeforeMethod -->
        <test-method signature="userMenu5()[pri:0, instance:salesForce.ApplicationTest@4802796d]" started-at="2023-02-16T11:58:21 PST" name="userMenu5" finished-at="2023-02-16T11:58:27 PST" duration-ms="6435" status="PASS">
          <reporter-output>
          </reporter-output>
        </test-method> <!-- userMenu5 -->
        <test-method is-config="true" signature="setUpAfterMethod(java.lang.reflect.Method)[pri:0, instance:salesForce.ApplicationTest@4802796d]" started-at="2023-02-16T11:58:27 PST" name="setUpAfterMethod" finished-at="2023-02-16T11:58:30 PST" duration-ms="2563" status="PASS">
          <params>
            <param index="0">
              <value>
                <![CDATA[public static void salesForce.ApplicationTest.userMenu5()]]>
              </value>
            </param>
          </params>
          <reporter-output>
          </reporter-output>
        </test-method> <!-- setUpAfterMethod -->
        <test-method is-config="true" signature="setUpBeforeMethod(java.lang.String,java.lang.String,java.lang.reflect.Method)[pri:0, instance:salesForce.ApplicationTest@4802796d]" started-at="2023-02-16T11:58:30 PST" name="setUpBeforeMethod" finished-at="2023-02-16T11:58:31 PST" duration-ms="1141" status="PASS">
          <params>
            <param index="0">
              <value>
                <![CDATA[chrome]]>
              </value>
            </param>
            <param index="1">
              <value>
                <![CDATA[https://login.salesforce.com/]]>
              </value>
            </param>
            <param index="2">
              <value>
                <![CDATA[public static void salesForce.ApplicationTest.myProfileOption6() throws java.awt.AWTException]]>
              </value>
            </param>
          </params>
          <reporter-output>
          </reporter-output>
        </test-method> <!-- setUpBeforeMethod -->
        <test-method signature="myProfileOption6()[pri:1, instance:salesForce.ApplicationTest@4802796d]" started-at="2023-02-16T11:58:31 PST" name="myProfileOption6" finished-at="2023-02-16T11:58:48 PST" duration-ms="16754" status="PASS">
          <reporter-output>
          </reporter-output>
        </test-method> <!-- myProfileOption6 -->
        <test-method is-config="true" signature="setUpAfterMethod(java.lang.reflect.Method)[pri:0, instance:salesForce.ApplicationTest@4802796d]" started-at="2023-02-16T11:58:48 PST" name="setUpAfterMethod" finished-at="2023-02-16T11:58:50 PST" duration-ms="2605" status="PASS">
          <params>
            <param index="0">
              <value>
                <![CDATA[public static void salesForce.ApplicationTest.myProfileOption6() throws java.awt.AWTException]]>
              </value>
            </param>
          </params>
          <reporter-output>
          </reporter-output>
        </test-method> <!-- setUpAfterMethod -->
        <test-method is-config="true" signature="setUpBeforeMethod(java.lang.String,java.lang.String,java.lang.reflect.Method)[pri:0, instance:salesForce.ApplicationTest@4802796d]" started-at="2023-02-16T11:58:50 PST" name="setUpBeforeMethod" finished-at="2023-02-16T11:58:51 PST" duration-ms="1107" status="PASS">
          <params>
            <param index="0">
              <value>
                <![CDATA[chrome]]>
              </value>
            </param>
            <param index="1">
              <value>
                <![CDATA[https://login.salesforce.com/]]>
              </value>
            </param>
            <param index="2">
              <value>
                <![CDATA[public static void salesForce.ApplicationTest.mySettingsOption7()]]>
              </value>
            </param>
          </params>
          <reporter-output>
          </reporter-output>
        </test-method> <!-- setUpBeforeMethod -->
        <test-method signature="mySettingsOption7()[pri:2, instance:salesForce.ApplicationTest@4802796d]" started-at="2023-02-16T11:58:51 PST" name="mySettingsOption7" finished-at="2023-02-16T11:59:05 PST" duration-ms="13666" status="PASS">
          <reporter-output>
          </reporter-output>
        </test-method> <!-- mySettingsOption7 -->
        <test-method is-config="true" signature="setUpAfterMethod(java.lang.reflect.Method)[pri:0, instance:salesForce.ApplicationTest@4802796d]" started-at="2023-02-16T11:59:05 PST" name="setUpAfterMethod" finished-at="2023-02-16T11:59:07 PST" duration-ms="2564" status="PASS">
          <params>
            <param index="0">
              <value>
                <![CDATA[public static void salesForce.ApplicationTest.mySettingsOption7()]]>
              </value>
            </param>
          </params>
          <reporter-output>
          </reporter-output>
        </test-method> <!-- setUpAfterMethod -->
        <test-method is-config="true" signature="setUpBeforeMethod(java.lang.String,java.lang.String,java.lang.reflect.Method)[pri:0, instance:salesForce.ApplicationTest@4802796d]" started-at="2023-02-16T11:59:07 PST" name="setUpBeforeMethod" finished-at="2023-02-16T11:59:09 PST" duration-ms="1243" status="PASS">
          <params>
            <param index="0">
              <value>
                <![CDATA[chrome]]>
              </value>
            </param>
            <param index="1">
              <value>
                <![CDATA[https://login.salesforce.com/]]>
              </value>
            </param>
            <param index="2">
              <value>
                <![CDATA[public static void salesForce.ApplicationTest.developersConsole8()]]>
              </value>
            </param>
          </params>
          <reporter-output>
          </reporter-output>
        </test-method> <!-- setUpBeforeMethod -->
        <test-method signature="developersConsole8()[pri:3, instance:salesForce.ApplicationTest@4802796d]" started-at="2023-02-16T11:59:09 PST" name="developersConsole8" finished-at="2023-02-16T11:59:19 PST" duration-ms="9842" status="PASS">
          <reporter-output>
          </reporter-output>
        </test-method> <!-- developersConsole8 -->
        <test-method is-config="true" signature="setUpAfterMethod(java.lang.reflect.Method)[pri:0, instance:salesForce.ApplicationTest@4802796d]" started-at="2023-02-16T11:59:19 PST" name="setUpAfterMethod" finished-at="2023-02-16T11:59:21 PST" duration-ms="2583" status="PASS">
          <params>
            <param index="0">
              <value>
                <![CDATA[public static void salesForce.ApplicationTest.developersConsole8()]]>
              </value>
            </param>
          </params>
          <reporter-output>
          </reporter-output>
        </test-method> <!-- setUpAfterMethod -->
        <test-method is-config="true" signature="setUpBeforeMethod(java.lang.String,java.lang.String,java.lang.reflect.Method)[pri:0, instance:salesForce.ApplicationTest@4802796d]" started-at="2023-02-16T11:59:21 PST" name="setUpBeforeMethod" finished-at="2023-02-16T11:59:22 PST" duration-ms="1346" status="PASS">
          <params>
            <param index="0">
              <value>
                <![CDATA[chrome]]>
              </value>
            </param>
            <param index="1">
              <value>
                <![CDATA[https://login.salesforce.com/]]>
              </value>
            </param>
            <param index="2">
              <value>
                <![CDATA[public static void salesForce.ApplicationTest.logoutOption9()]]>
              </value>
            </param>
          </params>
          <reporter-output>
          </reporter-output>
        </test-method> <!-- setUpBeforeMethod -->
        <test-method signature="logoutOption9()[pri:4, instance:salesForce.ApplicationTest@4802796d]" started-at="2023-02-16T11:59:22 PST" name="logoutOption9" finished-at="2023-02-16T11:59:28 PST" duration-ms="5200" status="PASS">
          <reporter-output>
          </reporter-output>
        </test-method> <!-- logoutOption9 -->
        <test-method is-config="true" signature="setUpAfterMethod(java.lang.reflect.Method)[pri:0, instance:salesForce.ApplicationTest@4802796d]" started-at="2023-02-16T11:59:28 PST" name="setUpAfterMethod" finished-at="2023-02-16T11:59:30 PST" duration-ms="2576" status="PASS">
          <params>
            <param index="0">
              <value>
                <![CDATA[public static void salesForce.ApplicationTest.logoutOption9()]]>
              </value>
            </param>
          </params>
          <reporter-output>
          </reporter-output>
        </test-method> <!-- setUpAfterMethod -->
        <test-method is-config="true" signature="setUpBeforeMethod(java.lang.String,java.lang.String,java.lang.reflect.Method)[pri:0, instance:salesForce.ApplicationTest@4802796d]" started-at="2023-02-16T11:59:30 PST" name="setUpBeforeMethod" finished-at="2023-02-16T11:59:31 PST" duration-ms="1086" status="PASS">
          <params>
            <param index="0">
              <value>
                <![CDATA[chrome]]>
              </value>
            </param>
            <param index="1">
              <value>
                <![CDATA[https://login.salesforce.com/]]>
              </value>
            </param>
            <param index="2">
              <value>
                <![CDATA[public static void salesForce.ApplicationTest.createAccount10()]]>
              </value>
            </param>
          </params>
          <reporter-output>
          </reporter-output>
        </test-method> <!-- setUpBeforeMethod -->
        <test-method signature="createAccount10()[pri:5, instance:salesForce.ApplicationTest@4802796d]" started-at="2023-02-16T11:59:31 PST" name="createAccount10" finished-at="2023-02-16T11:59:50 PST" duration-ms="18234" status="PASS">
          <reporter-output>
          </reporter-output>
        </test-method> <!-- createAccount10 -->
        <test-method is-config="true" signature="setUpAfterMethod(java.lang.reflect.Method)[pri:0, instance:salesForce.ApplicationTest@4802796d]" started-at="2023-02-16T11:59:50 PST" name="setUpAfterMethod" finished-at="2023-02-16T11:59:52 PST" duration-ms="2612" status="PASS">
          <params>
            <param index="0">
              <value>
                <![CDATA[public static void salesForce.ApplicationTest.createAccount10()]]>
              </value>
            </param>
          </params>
          <reporter-output>
          </reporter-output>
        </test-method> <!-- setUpAfterMethod -->
        <test-method is-config="true" signature="setUpBeforeMethod(java.lang.String,java.lang.String,java.lang.reflect.Method)[pri:0, instance:salesForce.ApplicationTest@4802796d]" started-at="2023-02-16T11:59:52 PST" name="setUpBeforeMethod" finished-at="2023-02-16T11:59:53 PST" duration-ms="1146" status="PASS">
          <params>
            <param index="0">
              <value>
                <![CDATA[chrome]]>
              </value>
            </param>
            <param index="1">
              <value>
                <![CDATA[https://login.salesforce.com/]]>
              </value>
            </param>
            <param index="2">
              <value>
                <![CDATA[public static void salesForce.ApplicationTest.createNewView11()]]>
              </value>
            </param>
          </params>
          <reporter-output>
          </reporter-output>
        </test-method> <!-- setUpBeforeMethod -->
        <test-method signature="createNewView11()[pri:6, instance:salesForce.ApplicationTest@4802796d]" started-at="2023-02-16T11:59:53 PST" name="createNewView11" finished-at="2023-02-16T12:00:06 PST" duration-ms="12711" status="PASS">
          <reporter-output>
          </reporter-output>
        </test-method> <!-- createNewView11 -->
        <test-method is-config="true" signature="setUpAfterMethod(java.lang.reflect.Method)[pri:0, instance:salesForce.ApplicationTest@4802796d]" started-at="2023-02-16T12:00:06 PST" name="setUpAfterMethod" finished-at="2023-02-16T12:00:09 PST" duration-ms="2576" status="PASS">
          <params>
            <param index="0">
              <value>
                <![CDATA[public static void salesForce.ApplicationTest.createNewView11()]]>
              </value>
            </param>
          </params>
          <reporter-output>
          </reporter-output>
        </test-method> <!-- setUpAfterMethod -->
        <test-method is-config="true" signature="setUpBeforeMethod(java.lang.String,java.lang.String,java.lang.reflect.Method)[pri:0, instance:salesForce.ApplicationTest@4802796d]" started-at="2023-02-16T12:00:09 PST" name="setUpBeforeMethod" finished-at="2023-02-16T12:00:10 PST" duration-ms="1101" status="PASS">
          <params>
            <param index="0">
              <value>
                <![CDATA[chrome]]>
              </value>
            </param>
            <param index="1">
              <value>
                <![CDATA[https://login.salesforce.com/]]>
              </value>
            </param>
            <param index="2">
              <value>
                <![CDATA[public static void salesForce.ApplicationTest.editView12()]]>
              </value>
            </param>
          </params>
          <reporter-output>
          </reporter-output>
        </test-method> <!-- setUpBeforeMethod -->
        <test-method signature="editView12()[pri:7, instance:salesForce.ApplicationTest@4802796d]" started-at="2023-02-16T12:00:10 PST" name="editView12" finished-at="2023-02-16T12:00:23 PST" duration-ms="13751" status="PASS">
          <reporter-output>
          </reporter-output>
        </test-method> <!-- editView12 -->
        <test-method is-config="true" signature="setUpAfterMethod(java.lang.reflect.Method)[pri:0, instance:salesForce.ApplicationTest@4802796d]" started-at="2023-02-16T12:00:23 PST" name="setUpAfterMethod" finished-at="2023-02-16T12:00:26 PST" duration-ms="2593" status="PASS">
          <params>
            <param index="0">
              <value>
                <![CDATA[public static void salesForce.ApplicationTest.editView12()]]>
              </value>
            </param>
          </params>
          <reporter-output>
          </reporter-output>
        </test-method> <!-- setUpAfterMethod -->
        <test-method is-config="true" signature="setUpBeforeMethod(java.lang.String,java.lang.String,java.lang.reflect.Method)[pri:0, instance:salesForce.ApplicationTest@4802796d]" started-at="2023-02-16T12:00:26 PST" name="setUpBeforeMethod" finished-at="2023-02-16T12:00:27 PST" duration-ms="1223" status="PASS">
          <params>
            <param index="0">
              <value>
                <![CDATA[chrome]]>
              </value>
            </param>
            <param index="1">
              <value>
                <![CDATA[https://login.salesforce.com/]]>
              </value>
            </param>
            <param index="2">
              <value>
                <![CDATA[public static void salesForce.ApplicationTest.mergeAccounts13()]]>
              </value>
            </param>
          </params>
          <reporter-output>
          </reporter-output>
        </test-method> <!-- setUpBeforeMethod -->
        <test-method signature="mergeAccounts13()[pri:8, instance:salesForce.ApplicationTest@4802796d]" started-at="2023-02-16T12:00:27 PST" name="mergeAccounts13" finished-at="2023-02-16T12:00:41 PST" duration-ms="13475" status="PASS">
          <reporter-output>
          </reporter-output>
        </test-method> <!-- mergeAccounts13 -->
        <test-method is-config="true" signature="setUpAfterMethod(java.lang.reflect.Method)[pri:0, instance:salesForce.ApplicationTest@4802796d]" started-at="2023-02-16T12:00:41 PST" name="setUpAfterMethod" finished-at="2023-02-16T12:00:43 PST" duration-ms="2580" status="PASS">
          <params>
            <param index="0">
              <value>
                <![CDATA[public static void salesForce.ApplicationTest.mergeAccounts13()]]>
              </value>
            </param>
          </params>
          <reporter-output>
          </reporter-output>
        </test-method> <!-- setUpAfterMethod -->
        <test-method is-config="true" signature="setUpBeforeMethod(java.lang.String,java.lang.String,java.lang.reflect.Method)[pri:0, instance:salesForce.ApplicationTest@4802796d]" started-at="2023-02-16T12:00:43 PST" name="setUpBeforeMethod" finished-at="2023-02-16T12:00:44 PST" duration-ms="1051" status="PASS">
          <params>
            <param index="0">
              <value>
                <![CDATA[chrome]]>
              </value>
            </param>
            <param index="1">
              <value>
                <![CDATA[https://login.salesforce.com/]]>
              </value>
            </param>
            <param index="2">
              <value>
                <![CDATA[public static void salesForce.ApplicationTest.createAccountReport14()]]>
              </value>
            </param>
          </params>
          <reporter-output>
          </reporter-output>
        </test-method> <!-- setUpBeforeMethod -->
        <test-method signature="createAccountReport14()[pri:9, instance:salesForce.ApplicationTest@4802796d]" started-at="2023-02-16T12:00:44 PST" name="createAccountReport14" finished-at="2023-02-16T12:01:02 PST" duration-ms="17186" status="FAIL">
          <exception class="org.openqa.selenium.NoSuchElementException">
            <message>
              <![CDATA[no such element: Unable to locate element: {"method":"xpath","selector":"//em/button[starts-with(@id,'ext-gen28')]"}
  (Session info: chrome=110.0.5481.100)
For documentation on this error, please visit: https://www.seleniumhq.org/exceptions/no_such_element.html
Build info: version: '3.141.59', revision: 'e82be7d358', time: '2018-11-14T08:17:03'
System info: host: 'PREETIACER', ip: '192.168.254.149', os.name: 'Windows 11', os.arch: 'amd64', os.version: '10.0', java.version: '19.0.1'
Driver info: org.openqa.selenium.chrome.ChromeDriver
Capabilities {acceptInsecureCerts: false, browserName: chrome, browserVersion: 110.0.5481.100, chrome: {chromedriverVersion: 110.0.5481.77 (65ed616c6e8e..., userDataDir: C:\Users\love_\AppData\Loca...}, goog:chromeOptions: {debuggerAddress: localhost:64009}, javascriptEnabled: true, networkConnectionEnabled: false, pageLoadStrategy: normal, platform: WINDOWS, platformName: WINDOWS, proxy: Proxy(), setWindowRect: true, strictFileInteractability: false, timeouts: {implicit: 0, pageLoad: 300000, script: 30000}, unhandledPromptBehavior: dismiss and notify, webauthn:extension:credBlob: true, webauthn:extension:largeBlob: true, webauthn:virtualAuthenticators: true}
Session ID: 3d0b98e6a35a4ad2e6151e0becd3f0b7
*** Element info: {Using=xpath, value=//em/button[starts-with(@id,'ext-gen28')]}]]>
            </message>
            <full-stacktrace>
              <![CDATA[org.openqa.selenium.NoSuchElementException: no such element: Unable to locate element: {"method":"xpath","selector":"//em/button[starts-with(@id,'ext-gen28')]"}
  (Session info: chrome=110.0.5481.100)
For documentation on this error, please visit: https://www.seleniumhq.org/exceptions/no_such_element.html
Build info: version: '3.141.59', revision: 'e82be7d358', time: '2018-11-14T08:17:03'
System info: host: 'PREETIACER', ip: '192.168.254.149', os.name: 'Windows 11', os.arch: 'amd64', os.version: '10.0', java.version: '19.0.1'
Driver info: org.openqa.selenium.chrome.ChromeDriver
Capabilities {acceptInsecureCerts: false, browserName: chrome, browserVersion: 110.0.5481.100, chrome: {chromedriverVersion: 110.0.5481.77 (65ed616c6e8e..., userDataDir: C:\Users\love_\AppData\Loca...}, goog:chromeOptions: {debuggerAddress: localhost:64009}, javascriptEnabled: true, networkConnectionEnabled: false, pageLoadStrategy: normal, platform: WINDOWS, platformName: WINDOWS, proxy: Proxy(), setWindowRect: true, strictFileInteractability: false, timeouts: {implicit: 0, pageLoad: 300000, script: 30000}, unhandledPromptBehavior: dismiss and notify, webauthn:extension:credBlob: true, webauthn:extension:largeBlob: true, webauthn:virtualAuthenticators: true}
Session ID: 3d0b98e6a35a4ad2e6151e0becd3f0b7
*** Element info: {Using=xpath, value=//em/button[starts-with(@id,'ext-gen28')]}
at java.base/jdk.internal.reflect.DirectConstructorHandleAccessor.newInstance(DirectConstructorHandleAccessor.java:67)
at java.base/java.lang.reflect.Constructor.newInstanceWithCaller(Constructor.java:500)
at java.base/java.lang.reflect.Constructor.newInstance(Constructor.java:484)
at org.openqa.selenium.remote.http.W3CHttpResponseCodec.createException(W3CHttpResponseCodec.java:187)
at org.openqa.selenium.remote.http.W3CHttpResponseCodec.decode(W3CHttpResponseCodec.java:122)
at org.openqa.selenium.remote.http.W3CHttpResponseCodec.decode(W3CHttpResponseCodec.java:49)
at org.openqa.selenium.remote.HttpCommandExecutor.execute(HttpCommandExecutor.java:158)
at org.openqa.selenium.remote.service.DriverCommandExecutor.execute(DriverCommandExecutor.java:83)
at org.openqa.selenium.remote.RemoteWebDriver.execute(RemoteWebDriver.java:552)
at org.openqa.selenium.remote.RemoteWebDriver.findElement(RemoteWebDriver.java:323)
at org.openqa.selenium.remote.RemoteWebDriver.findElementByXPath(RemoteWebDriver.java:428)
at org.openqa.selenium.By$ByXPath.findElement(By.java:353)
at org.openqa.selenium.remote.RemoteWebDriver.findElement(RemoteWebDriver.java:315)
at salesForce.ApplicationTest.createAccountReport14(ApplicationTest.java:516)
at java.base/jdk.internal.reflect.DirectMethodHandleAccessor.invoke(DirectMethodHandleAccessor.java:104)
at java.base/java.lang.reflect.Method.invoke(Method.java:578)
at org.testng.internal.invokers.MethodInvocationHelper.invokeMethod(MethodInvocationHelper.java:139)
at org.testng.internal.invokers.TestInvoker.invokeMethod(TestInvoker.java:677)
at org.testng.internal.invokers.TestInvoker.invokeTestMethod(TestInvoker.java:221)
at org.testng.internal.invokers.MethodRunner.runInSequence(MethodRunner.java:50)
at org.testng.internal.invokers.TestInvoker$MethodInvocationAgent.invoke(TestInvoker.java:962)
at org.testng.internal.invokers.TestInvoker.invokeTestMethods(TestInvoker.java:194)
at org.testng.internal.invokers.TestMethodWorker.invokeTestMethods(TestMethodWorker.java:148)
at org.testng.internal.invokers.TestMethodWorker.run(TestMethodWorker.java:128)
at java.base/java.util.ArrayList.forEach(ArrayList.java:1511)
at org.testng.TestRunner.privateRun(TestRunner.java:806)
at org.testng.TestRunner.run(TestRunner.java:601)
at org.testng.SuiteRunner.runTest(SuiteRunner.java:433)
at org.testng.SuiteRunner.runSequentially(SuiteRunner.java:427)
at org.testng.SuiteRunner.privateRun(SuiteRunner.java:387)
at org.testng.SuiteRunner.run(SuiteRunner.java:330)
at org.testng.SuiteRunnerWorker.runSuite(SuiteRunnerWorker.java:52)
at org.testng.SuiteRunnerWorker.run(SuiteRunnerWorker.java:95)
at org.testng.TestNG.runSuitesSequentially(TestNG.java:1256)
at org.testng.TestNG.runSuitesLocally(TestNG.java:1176)
at org.testng.TestNG.runSuites(TestNG.java:1099)
at org.testng.TestNG.run(TestNG.java:1067)
at org.testng.remote.AbstractRemoteTestNG.run(AbstractRemoteTestNG.java:115)
at org.testng.remote.RemoteTestNG.initAndRun(RemoteTestNG.java:251)
at org.testng.remote.RemoteTestNG.main(RemoteTestNG.java:77)
]]>
            </full-stacktrace>
          </exception> <!-- org.openqa.selenium.NoSuchElementException -->
          <reporter-output>
          </reporter-output>
        </test-method> <!-- createAccountReport14 -->
        <test-method is-config="true" signature="setUpAfterMethod(java.lang.reflect.Method)[pri:0, instance:salesForce.ApplicationTest@4802796d]" started-at="2023-02-16T12:01:02 PST" name="setUpAfterMethod" finished-at="2023-02-16T12:01:04 PST" duration-ms="2719" status="PASS">
          <params>
            <param index="0">
              <value>
                <![CDATA[public static void salesForce.ApplicationTest.createAccountReport14()]]>
              </value>
            </param>
          </params>
          <reporter-output>
          </reporter-output>
        </test-method> <!-- setUpAfterMethod -->
        <test-method is-config="true" signature="setUpBeforeMethod(java.lang.String,java.lang.String,java.lang.reflect.Method)[pri:0, instance:salesForce.ApplicationTest@4802796d]" started-at="2023-02-16T12:01:04 PST" name="setUpBeforeMethod" finished-at="2023-02-16T12:01:06 PST" duration-ms="1042" status="PASS">
          <params>
            <param index="0">
              <value>
                <![CDATA[chrome]]>
              </value>
            </param>
            <param index="1">
              <value>
                <![CDATA[https://login.salesforce.com/]]>
              </value>
            </param>
            <param index="2">
              <value>
                <![CDATA[public static void salesForce.ApplicationTest.opportunitiesDropdown15()]]>
              </value>
            </param>
          </params>
          <reporter-output>
          </reporter-output>
        </test-method> <!-- setUpBeforeMethod -->
        <test-method signature="opportunitiesDropdown15()[pri:10, instance:salesForce.ApplicationTest@4802796d]" started-at="2023-02-16T12:01:06 PST" name="opportunitiesDropdown15" finished-at="2023-02-16T12:01:15 PST" duration-ms="9226" status="PASS">
          <reporter-output>
          </reporter-output>
        </test-method> <!-- opportunitiesDropdown15 -->
        <test-method is-config="true" signature="setUpAfterMethod(java.lang.reflect.Method)[pri:0, instance:salesForce.ApplicationTest@4802796d]" started-at="2023-02-16T12:01:15 PST" name="setUpAfterMethod" finished-at="2023-02-16T12:01:17 PST" duration-ms="2576" status="PASS">
          <params>
            <param index="0">
              <value>
                <![CDATA[public static void salesForce.ApplicationTest.opportunitiesDropdown15()]]>
              </value>
            </param>
          </params>
          <reporter-output>
          </reporter-output>
        </test-method> <!-- setUpAfterMethod -->
        <test-method is-config="true" signature="setUpBeforeMethod(java.lang.String,java.lang.String,java.lang.reflect.Method)[pri:0, instance:salesForce.ApplicationTest@4802796d]" started-at="2023-02-16T12:01:17 PST" name="setUpBeforeMethod" finished-at="2023-02-16T12:01:18 PST" duration-ms="1113" status="PASS">
          <params>
            <param index="0">
              <value>
                <![CDATA[chrome]]>
              </value>
            </param>
            <param index="1">
              <value>
                <![CDATA[https://login.salesforce.com/]]>
              </value>
            </param>
            <param index="2">
              <value>
                <![CDATA[public static void salesForce.ApplicationTest.createNewOpty16()]]>
              </value>
            </param>
          </params>
          <reporter-output>
          </reporter-output>
        </test-method> <!-- setUpBeforeMethod -->
        <test-method signature="createNewOpty16()[pri:11, instance:salesForce.ApplicationTest@4802796d]" started-at="2023-02-16T12:01:18 PST" name="createNewOpty16" finished-at="2023-02-16T12:01:33 PST" duration-ms="14224" status="PASS">
          <reporter-output>
          </reporter-output>
        </test-method> <!-- createNewOpty16 -->
        <test-method is-config="true" signature="setUpAfterMethod(java.lang.reflect.Method)[pri:0, instance:salesForce.ApplicationTest@4802796d]" started-at="2023-02-16T12:01:33 PST" name="setUpAfterMethod" finished-at="2023-02-16T12:01:35 PST" duration-ms="2639" status="PASS">
          <params>
            <param index="0">
              <value>
                <![CDATA[public static void salesForce.ApplicationTest.createNewOpty16()]]>
              </value>
            </param>
          </params>
          <reporter-output>
          </reporter-output>
        </test-method> <!-- setUpAfterMethod -->
        <test-method is-config="true" signature="setUpBeforeMethod(java.lang.String,java.lang.String,java.lang.reflect.Method)[pri:0, instance:salesForce.ApplicationTest@4802796d]" started-at="2023-02-16T12:01:35 PST" name="setUpBeforeMethod" finished-at="2023-02-16T12:01:36 PST" duration-ms="1168" status="PASS">
          <params>
            <param index="0">
              <value>
                <![CDATA[chrome]]>
              </value>
            </param>
            <param index="1">
              <value>
                <![CDATA[https://login.salesforce.com/]]>
              </value>
            </param>
            <param index="2">
              <value>
                <![CDATA[public static void salesForce.ApplicationTest.testOptyPipelineReport17()]]>
              </value>
            </param>
          </params>
          <reporter-output>
          </reporter-output>
        </test-method> <!-- setUpBeforeMethod -->
        <test-method signature="testOptyPipelineReport17()[pri:12, instance:salesForce.ApplicationTest@4802796d]" started-at="2023-02-16T12:01:36 PST" name="testOptyPipelineReport17" finished-at="2023-02-16T12:01:48 PST" duration-ms="11477" status="PASS">
          <reporter-output>
          </reporter-output>
        </test-method> <!-- testOptyPipelineReport17 -->
        <test-method is-config="true" signature="setUpAfterMethod(java.lang.reflect.Method)[pri:0, instance:salesForce.ApplicationTest@4802796d]" started-at="2023-02-16T12:01:48 PST" name="setUpAfterMethod" finished-at="2023-02-16T12:01:51 PST" duration-ms="2618" status="PASS">
          <params>
            <param index="0">
              <value>
                <![CDATA[public static void salesForce.ApplicationTest.testOptyPipelineReport17()]]>
              </value>
            </param>
          </params>
          <reporter-output>
          </reporter-output>
        </test-method> <!-- setUpAfterMethod -->
        <test-method is-config="true" signature="setUpBeforeMethod(java.lang.String,java.lang.String,java.lang.reflect.Method)[pri:0, instance:salesForce.ApplicationTest@4802796d]" started-at="2023-02-16T12:01:51 PST" name="setUpBeforeMethod" finished-at="2023-02-16T12:01:52 PST" duration-ms="1592" status="PASS">
          <params>
            <param index="0">
              <value>
                <![CDATA[chrome]]>
              </value>
            </param>
            <param index="1">
              <value>
                <![CDATA[https://login.salesforce.com/]]>
              </value>
            </param>
            <param index="2">
              <value>
                <![CDATA[public static void salesForce.ApplicationTest.testStuckOptyReport18()]]>
              </value>
            </param>
          </params>
          <reporter-output>
          </reporter-output>
        </test-method> <!-- setUpBeforeMethod -->
        <test-method signature="testStuckOptyReport18()[pri:13, instance:salesForce.ApplicationTest@4802796d]" started-at="2023-02-16T12:01:52 PST" name="testStuckOptyReport18" finished-at="2023-02-16T12:02:08 PST" duration-ms="15755" status="PASS">
          <reporter-output>
          </reporter-output>
        </test-method> <!-- testStuckOptyReport18 -->
        <test-method is-config="true" signature="setUpAfterMethod(java.lang.reflect.Method)[pri:0, instance:salesForce.ApplicationTest@4802796d]" started-at="2023-02-16T12:02:08 PST" name="setUpAfterMethod" finished-at="2023-02-16T12:02:11 PST" duration-ms="2612" status="PASS">
          <params>
            <param index="0">
              <value>
                <![CDATA[public static void salesForce.ApplicationTest.testStuckOptyReport18()]]>
              </value>
            </param>
          </params>
          <reporter-output>
          </reporter-output>
        </test-method> <!-- setUpAfterMethod -->
        <test-method is-config="true" signature="setUpBeforeMethod(java.lang.String,java.lang.String,java.lang.reflect.Method)[pri:0, instance:salesForce.ApplicationTest@4802796d]" started-at="2023-02-16T12:02:11 PST" name="setUpBeforeMethod" finished-at="2023-02-16T12:02:12 PST" duration-ms="1580" status="PASS">
          <params>
            <param index="0">
              <value>
                <![CDATA[chrome]]>
              </value>
            </param>
            <param index="1">
              <value>
                <![CDATA[https://login.salesforce.com/]]>
              </value>
            </param>
            <param index="2">
              <value>
                <![CDATA[public static void salesForce.ApplicationTest.testQuaterlySummaryReport19()]]>
              </value>
            </param>
          </params>
          <reporter-output>
          </reporter-output>
        </test-method> <!-- setUpBeforeMethod -->
        <test-method signature="testQuaterlySummaryReport19()[pri:14, instance:salesForce.ApplicationTest@4802796d]" started-at="2023-02-16T12:02:12 PST" name="testQuaterlySummaryReport19" finished-at="2023-02-16T12:02:24 PST" duration-ms="12105" status="PASS">
          <reporter-output>
          </reporter-output>
        </test-method> <!-- testQuaterlySummaryReport19 -->
        <test-method is-config="true" signature="setUpAfterMethod(java.lang.reflect.Method)[pri:0, instance:salesForce.ApplicationTest@4802796d]" started-at="2023-02-16T12:02:24 PST" name="setUpAfterMethod" finished-at="2023-02-16T12:02:27 PST" duration-ms="2640" status="PASS">
          <params>
            <param index="0">
              <value>
                <![CDATA[public static void salesForce.ApplicationTest.testQuaterlySummaryReport19()]]>
              </value>
            </param>
          </params>
          <reporter-output>
          </reporter-output>
        </test-method> <!-- setUpAfterMethod -->
        <test-method is-config="true" signature="setUpBeforeMethod(java.lang.String,java.lang.String,java.lang.reflect.Method)[pri:0, instance:salesForce.ApplicationTest@4802796d]" started-at="2023-02-16T12:02:27 PST" name="setUpBeforeMethod" finished-at="2023-02-16T12:02:28 PST" duration-ms="1144" status="PASS">
          <params>
            <param index="0">
              <value>
                <![CDATA[chrome]]>
              </value>
            </param>
            <param index="1">
              <value>
                <![CDATA[https://login.salesforce.com/]]>
              </value>
            </param>
            <param index="2">
              <value>
                <![CDATA[public static void salesForce.ApplicationTest.leadsTab20()]]>
              </value>
            </param>
          </params>
          <reporter-output>
          </reporter-output>
        </test-method> <!-- setUpBeforeMethod -->
        <test-method signature="leadsTab20()[pri:15, instance:salesForce.ApplicationTest@4802796d]" started-at="2023-02-16T12:02:28 PST" name="leadsTab20" finished-at="2023-02-16T12:02:43 PST" duration-ms="14880" status="PASS">
          <reporter-output>
          </reporter-output>
        </test-method> <!-- leadsTab20 -->
        <test-method is-config="true" signature="setUpAfterMethod(java.lang.reflect.Method)[pri:0, instance:salesForce.ApplicationTest@4802796d]" started-at="2023-02-16T12:02:43 PST" name="setUpAfterMethod" finished-at="2023-02-16T12:02:45 PST" duration-ms="2600" status="PASS">
          <params>
            <param index="0">
              <value>
                <![CDATA[public static void salesForce.ApplicationTest.leadsTab20()]]>
              </value>
            </param>
          </params>
          <reporter-output>
          </reporter-output>
        </test-method> <!-- setUpAfterMethod -->
        <test-method is-config="true" signature="setUpBeforeMethod(java.lang.String,java.lang.String,java.lang.reflect.Method)[pri:0, instance:salesForce.ApplicationTest@4802796d]" started-at="2023-02-16T12:02:45 PST" name="setUpBeforeMethod" finished-at="2023-02-16T12:02:47 PST" duration-ms="1067" status="PASS">
          <params>
            <param index="0">
              <value>
                <![CDATA[chrome]]>
              </value>
            </param>
            <param index="1">
              <value>
                <![CDATA[https://login.salesforce.com/]]>
              </value>
            </param>
            <param index="2">
              <value>
                <![CDATA[public static void salesForce.ApplicationTest.leadsSelectView21()]]>
              </value>
            </param>
          </params>
          <reporter-output>
          </reporter-output>
        </test-method> <!-- setUpBeforeMethod -->
        <test-method signature="leadsSelectView21()[pri:16, instance:salesForce.ApplicationTest@4802796d]" started-at="2023-02-16T12:02:47 PST" name="leadsSelectView21" finished-at="2023-02-16T12:02:56 PST" duration-ms="9214" status="PASS">
          <reporter-output>
          </reporter-output>
        </test-method> <!-- leadsSelectView21 -->
        <test-method is-config="true" signature="setUpAfterMethod(java.lang.reflect.Method)[pri:0, instance:salesForce.ApplicationTest@4802796d]" started-at="2023-02-16T12:02:56 PST" name="setUpAfterMethod" finished-at="2023-02-16T12:02:58 PST" duration-ms="2587" status="PASS">
          <params>
            <param index="0">
              <value>
                <![CDATA[public static void salesForce.ApplicationTest.leadsSelectView21()]]>
              </value>
            </param>
          </params>
          <reporter-output>
          </reporter-output>
        </test-method> <!-- setUpAfterMethod -->
        <test-method is-config="true" signature="setUpBeforeMethod(java.lang.String,java.lang.String,java.lang.reflect.Method)[pri:0, instance:salesForce.ApplicationTest@4802796d]" started-at="2023-02-16T12:02:58 PST" name="setUpBeforeMethod" finished-at="2023-02-16T12:02:59 PST" duration-ms="1061" status="PASS">
          <params>
            <param index="0">
              <value>
                <![CDATA[chrome]]>
              </value>
            </param>
            <param index="1">
              <value>
                <![CDATA[https://login.salesforce.com/]]>
              </value>
            </param>
            <param index="2">
              <value>
                <![CDATA[public static void salesForce.ApplicationTest.defaultView22()]]>
              </value>
            </param>
          </params>
          <reporter-output>
          </reporter-output>
        </test-method> <!-- setUpBeforeMethod -->
        <test-method signature="defaultView22()[pri:17, instance:salesForce.ApplicationTest@4802796d]" started-at="2023-02-16T12:02:59 PST" name="defaultView22" finished-at="2023-02-16T12:03:30 PST" duration-ms="30226" status="PASS">
          <reporter-output>
          </reporter-output>
        </test-method> <!-- defaultView22 -->
        <test-method is-config="true" signature="setUpAfterMethod(java.lang.reflect.Method)[pri:0, instance:salesForce.ApplicationTest@4802796d]" started-at="2023-02-16T12:03:30 PST" name="setUpAfterMethod" finished-at="2023-02-16T12:03:32 PST" duration-ms="2645" status="PASS">
          <params>
            <param index="0">
              <value>
                <![CDATA[public static void salesForce.ApplicationTest.defaultView22()]]>
              </value>
            </param>
          </params>
          <reporter-output>
          </reporter-output>
        </test-method> <!-- setUpAfterMethod -->
        <test-method is-config="true" signature="setUpBeforeMethod(java.lang.String,java.lang.String,java.lang.reflect.Method)[pri:0, instance:salesForce.ApplicationTest@4802796d]" started-at="2023-02-16T12:03:32 PST" name="setUpBeforeMethod" finished-at="2023-02-16T12:03:33 PST" duration-ms="1187" status="PASS">
          <params>
            <param index="0">
              <value>
                <![CDATA[chrome]]>
              </value>
            </param>
            <param index="1">
              <value>
                <![CDATA[https://login.salesforce.com/]]>
              </value>
            </param>
            <param index="2">
              <value>
                <![CDATA[public static void salesForce.ApplicationTest.todaysLeads23()]]>
              </value>
            </param>
          </params>
          <reporter-output>
          </reporter-output>
        </test-method> <!-- setUpBeforeMethod -->
        <test-method signature="todaysLeads23()[pri:18, instance:salesForce.ApplicationTest@4802796d]" started-at="2023-02-16T12:03:33 PST" name="todaysLeads23" finished-at="2023-02-16T12:03:47 PST" duration-ms="13840" status="FAIL">
          <exception class="org.openqa.selenium.NoSuchElementException">
            <message>
              <![CDATA[no such element: Unable to locate element: {"method":"xpath","selector":"//input[@value =' Go! ']"}
  (Session info: chrome=110.0.5481.100)
For documentation on this error, please visit: https://www.seleniumhq.org/exceptions/no_such_element.html
Build info: version: '3.141.59', revision: 'e82be7d358', time: '2018-11-14T08:17:03'
System info: host: 'PREETIACER', ip: '192.168.254.149', os.name: 'Windows 11', os.arch: 'amd64', os.version: '10.0', java.version: '19.0.1'
Driver info: org.openqa.selenium.chrome.ChromeDriver
Capabilities {acceptInsecureCerts: false, browserName: chrome, browserVersion: 110.0.5481.100, chrome: {chromedriverVersion: 110.0.5481.77 (65ed616c6e8e..., userDataDir: C:\Users\love_\AppData\Loca...}, goog:chromeOptions: {debuggerAddress: localhost:64435}, javascriptEnabled: true, networkConnectionEnabled: false, pageLoadStrategy: normal, platform: WINDOWS, platformName: WINDOWS, proxy: Proxy(), setWindowRect: true, strictFileInteractability: false, timeouts: {implicit: 0, pageLoad: 300000, script: 30000}, unhandledPromptBehavior: dismiss and notify, webauthn:extension:credBlob: true, webauthn:extension:largeBlob: true, webauthn:virtualAuthenticators: true}
Session ID: 21037c26d1e2099e974ff006c1aa22a9
*** Element info: {Using=xpath, value=//input[@value =' Go! ']}]]>
            </message>
            <full-stacktrace>
              <![CDATA[org.openqa.selenium.NoSuchElementException: no such element: Unable to locate element: {"method":"xpath","selector":"//input[@value =' Go! ']"}
  (Session info: chrome=110.0.5481.100)
For documentation on this error, please visit: https://www.seleniumhq.org/exceptions/no_such_element.html
Build info: version: '3.141.59', revision: 'e82be7d358', time: '2018-11-14T08:17:03'
System info: host: 'PREETIACER', ip: '192.168.254.149', os.name: 'Windows 11', os.arch: 'amd64', os.version: '10.0', java.version: '19.0.1'
Driver info: org.openqa.selenium.chrome.ChromeDriver
Capabilities {acceptInsecureCerts: false, browserName: chrome, browserVersion: 110.0.5481.100, chrome: {chromedriverVersion: 110.0.5481.77 (65ed616c6e8e..., userDataDir: C:\Users\love_\AppData\Loca...}, goog:chromeOptions: {debuggerAddress: localhost:64435}, javascriptEnabled: true, networkConnectionEnabled: false, pageLoadStrategy: normal, platform: WINDOWS, platformName: WINDOWS, proxy: Proxy(), setWindowRect: true, strictFileInteractability: false, timeouts: {implicit: 0, pageLoad: 300000, script: 30000}, unhandledPromptBehavior: dismiss and notify, webauthn:extension:credBlob: true, webauthn:extension:largeBlob: true, webauthn:virtualAuthenticators: true}
Session ID: 21037c26d1e2099e974ff006c1aa22a9
*** Element info: {Using=xpath, value=//input[@value =' Go! ']}
at java.base/jdk.internal.reflect.DirectConstructorHandleAccessor.newInstance(DirectConstructorHandleAccessor.java:67)
at java.base/java.lang.reflect.Constructor.newInstanceWithCaller(Constructor.java:500)
at java.base/java.lang.reflect.Constructor.newInstance(Constructor.java:484)
at org.openqa.selenium.remote.http.W3CHttpResponseCodec.createException(W3CHttpResponseCodec.java:187)
at org.openqa.selenium.remote.http.W3CHttpResponseCodec.decode(W3CHttpResponseCodec.java:122)
at org.openqa.selenium.remote.http.W3CHttpResponseCodec.decode(W3CHttpResponseCodec.java:49)
at org.openqa.selenium.remote.HttpCommandExecutor.execute(HttpCommandExecutor.java:158)
at org.openqa.selenium.remote.service.DriverCommandExecutor.execute(DriverCommandExecutor.java:83)
at org.openqa.selenium.remote.RemoteWebDriver.execute(RemoteWebDriver.java:552)
at org.openqa.selenium.remote.RemoteWebDriver.findElement(RemoteWebDriver.java:323)
at org.openqa.selenium.remote.RemoteWebDriver.findElementByXPath(RemoteWebDriver.java:428)
at org.openqa.selenium.By$ByXPath.findElement(By.java:353)
at org.openqa.selenium.remote.RemoteWebDriver.findElement(RemoteWebDriver.java:315)
at salesForce.ApplicationTest.todaysLeads23(ApplicationTest.java:798)
at java.base/jdk.internal.reflect.DirectMethodHandleAccessor.invoke(DirectMethodHandleAccessor.java:104)
at java.base/java.lang.reflect.Method.invoke(Method.java:578)
at org.testng.internal.invokers.MethodInvocationHelper.invokeMethod(MethodInvocationHelper.java:139)
at org.testng.internal.invokers.TestInvoker.invokeMethod(TestInvoker.java:677)
at org.testng.internal.invokers.TestInvoker.invokeTestMethod(TestInvoker.java:221)
at org.testng.internal.invokers.MethodRunner.runInSequence(MethodRunner.java:50)
at org.testng.internal.invokers.TestInvoker$MethodInvocationAgent.invoke(TestInvoker.java:962)
at org.testng.internal.invokers.TestInvoker.invokeTestMethods(TestInvoker.java:194)
at org.testng.internal.invokers.TestMethodWorker.invokeTestMethods(TestMethodWorker.java:148)
at org.testng.internal.invokers.TestMethodWorker.run(TestMethodWorker.java:128)
at java.base/java.util.ArrayList.forEach(ArrayList.java:1511)
at org.testng.TestRunner.privateRun(TestRunner.java:806)
at org.testng.TestRunner.run(TestRunner.java:601)
at org.testng.SuiteRunner.runTest(SuiteRunner.java:433)
at org.testng.SuiteRunner.runSequentially(SuiteRunner.java:427)
at org.testng.SuiteRunner.privateRun(SuiteRunner.java:387)
at org.testng.SuiteRunner.run(SuiteRunner.java:330)
at org.testng.SuiteRunnerWorker.runSuite(SuiteRunnerWorker.java:52)
at org.testng.SuiteRunnerWorker.run(SuiteRunnerWorker.java:95)
at org.testng.TestNG.runSuitesSequentially(TestNG.java:1256)
at org.testng.TestNG.runSuitesLocally(TestNG.java:1176)
at org.testng.TestNG.runSuites(TestNG.java:1099)
at org.testng.TestNG.run(TestNG.java:1067)
at org.testng.remote.AbstractRemoteTestNG.run(AbstractRemoteTestNG.java:115)
at org.testng.remote.RemoteTestNG.initAndRun(RemoteTestNG.java:251)
at org.testng.remote.RemoteTestNG.main(RemoteTestNG.java:77)
]]>
            </full-stacktrace>
          </exception> <!-- org.openqa.selenium.NoSuchElementException -->
          <reporter-output>
          </reporter-output>
        </test-method> <!-- todaysLeads23 -->
        <test-method is-config="true" signature="setUpAfterMethod(java.lang.reflect.Method)[pri:0, instance:salesForce.ApplicationTest@4802796d]" started-at="2023-02-16T12:03:47 PST" name="setUpAfterMethod" finished-at="2023-02-16T12:03:50 PST" duration-ms="2618" status="PASS">
          <params>
            <param index="0">
              <value>
                <![CDATA[public static void salesForce.ApplicationTest.todaysLeads23()]]>
              </value>
            </param>
          </params>
          <reporter-output>
          </reporter-output>
        </test-method> <!-- setUpAfterMethod -->
        <test-method is-config="true" signature="setUpBeforeMethod(java.lang.String,java.lang.String,java.lang.reflect.Method)[pri:0, instance:salesForce.ApplicationTest@4802796d]" started-at="2023-02-16T12:03:50 PST" name="setUpBeforeMethod" finished-at="2023-02-16T12:03:51 PST" duration-ms="1061" status="PASS">
          <params>
            <param index="0">
              <value>
                <![CDATA[chrome]]>
              </value>
            </param>
            <param index="1">
              <value>
                <![CDATA[https://login.salesforce.com/]]>
              </value>
            </param>
            <param index="2">
              <value>
                <![CDATA[public static void salesForce.ApplicationTest.newLeads24()]]>
              </value>
            </param>
          </params>
          <reporter-output>
          </reporter-output>
        </test-method> <!-- setUpBeforeMethod -->
        <test-method signature="newLeads24()[pri:19, instance:salesForce.ApplicationTest@4802796d]" started-at="2023-02-16T12:03:51 PST" name="newLeads24" finished-at="2023-02-16T12:04:12 PST" duration-ms="20845" status="PASS">
          <reporter-output>
          </reporter-output>
        </test-method> <!-- newLeads24 -->
        <test-method is-config="true" signature="setUpAfterMethod(java.lang.reflect.Method)[pri:0, instance:salesForce.ApplicationTest@4802796d]" started-at="2023-02-16T12:04:12 PST" name="setUpAfterMethod" finished-at="2023-02-16T12:04:15 PST" duration-ms="2643" status="PASS">
          <params>
            <param index="0">
              <value>
                <![CDATA[public static void salesForce.ApplicationTest.newLeads24()]]>
              </value>
            </param>
          </params>
          <reporter-output>
          </reporter-output>
        </test-method> <!-- setUpAfterMethod -->
        <test-method is-config="true" signature="setUpBeforeMethod(java.lang.String,java.lang.String,java.lang.reflect.Method)[pri:0, instance:salesForce.ApplicationTest@4802796d]" started-at="2023-02-16T12:04:15 PST" name="setUpBeforeMethod" finished-at="2023-02-16T12:04:16 PST" duration-ms="1122" status="PASS">
          <params>
            <param index="0">
              <value>
                <![CDATA[chrome]]>
              </value>
            </param>
            <param index="1">
              <value>
                <![CDATA[https://login.salesforce.com/]]>
              </value>
            </param>
            <param index="2">
              <value>
                <![CDATA[public static void salesForce.ApplicationTest.createNewContact25()]]>
              </value>
            </param>
          </params>
          <reporter-output>
          </reporter-output>
        </test-method> <!-- setUpBeforeMethod -->
        <test-method signature="createNewContact25()[pri:20, instance:salesForce.ApplicationTest@4802796d]" started-at="2023-02-16T12:04:16 PST" name="createNewContact25" finished-at="2023-02-16T12:04:29 PST" duration-ms="13180" status="PASS">
          <reporter-output>
          </reporter-output>
        </test-method> <!-- createNewContact25 -->
        <test-method is-config="true" signature="setUpAfterMethod(java.lang.reflect.Method)[pri:0, instance:salesForce.ApplicationTest@4802796d]" started-at="2023-02-16T12:04:29 PST" name="setUpAfterMethod" finished-at="2023-02-16T12:04:31 PST" duration-ms="2572" status="PASS">
          <params>
            <param index="0">
              <value>
                <![CDATA[public static void salesForce.ApplicationTest.createNewContact25()]]>
              </value>
            </param>
          </params>
          <reporter-output>
          </reporter-output>
        </test-method> <!-- setUpAfterMethod -->
        <test-method is-config="true" signature="setUpBeforeMethod(java.lang.String,java.lang.String,java.lang.reflect.Method)[pri:0, instance:salesForce.ApplicationTest@4802796d]" started-at="2023-02-16T12:04:31 PST" name="setUpBeforeMethod" finished-at="2023-02-16T12:04:33 PST" duration-ms="1085" status="PASS">
          <params>
            <param index="0">
              <value>
                <![CDATA[chrome]]>
              </value>
            </param>
            <param index="1">
              <value>
                <![CDATA[https://login.salesforce.com/]]>
              </value>
            </param>
            <param index="2">
              <value>
                <![CDATA[public static void salesForce.ApplicationTest.contactNewView26()]]>
              </value>
            </param>
          </params>
          <reporter-output>
          </reporter-output>
        </test-method> <!-- setUpBeforeMethod -->
        <test-method signature="contactNewView26()[pri:21, instance:salesForce.ApplicationTest@4802796d]" started-at="2023-02-16T12:04:33 PST" name="contactNewView26" finished-at="2023-02-16T12:04:47 PST" duration-ms="14041" status="PASS">
          <reporter-output>
          </reporter-output>
        </test-method> <!-- contactNewView26 -->
        <test-method is-config="true" signature="setUpAfterMethod(java.lang.reflect.Method)[pri:0, instance:salesForce.ApplicationTest@4802796d]" started-at="2023-02-16T12:04:47 PST" name="setUpAfterMethod" finished-at="2023-02-16T12:04:49 PST" duration-ms="2612" status="PASS">
          <params>
            <param index="0">
              <value>
                <![CDATA[public static void salesForce.ApplicationTest.contactNewView26()]]>
              </value>
            </param>
          </params>
          <reporter-output>
          </reporter-output>
        </test-method> <!-- setUpAfterMethod -->
        <test-method is-config="true" signature="setUpBeforeMethod(java.lang.String,java.lang.String,java.lang.reflect.Method)[pri:0, instance:salesForce.ApplicationTest@4802796d]" started-at="2023-02-16T12:04:49 PST" name="setUpBeforeMethod" finished-at="2023-02-16T12:04:50 PST" duration-ms="1150" status="PASS">
          <params>
            <param index="0">
              <value>
                <![CDATA[chrome]]>
              </value>
            </param>
            <param index="1">
              <value>
                <![CDATA[https://login.salesforce.com/]]>
              </value>
            </param>
            <param index="2">
              <value>
                <![CDATA[public static void salesForce.ApplicationTest.recentlyCreatedContact27()]]>
              </value>
            </param>
          </params>
          <reporter-output>
          </reporter-output>
        </test-method> <!-- setUpBeforeMethod -->
        <test-method signature="recentlyCreatedContact27()[pri:22, instance:salesForce.ApplicationTest@4802796d]" started-at="2023-02-16T12:04:50 PST" name="recentlyCreatedContact27" finished-at="2023-02-16T12:05:03 PST" duration-ms="12244" status="PASS">
          <reporter-output>
          </reporter-output>
        </test-method> <!-- recentlyCreatedContact27 -->
        <test-method is-config="true" signature="setUpAfterMethod(java.lang.reflect.Method)[pri:0, instance:salesForce.ApplicationTest@4802796d]" started-at="2023-02-16T12:05:03 PST" name="setUpAfterMethod" finished-at="2023-02-16T12:05:05 PST" duration-ms="2608" status="PASS">
          <params>
            <param index="0">
              <value>
                <![CDATA[public static void salesForce.ApplicationTest.recentlyCreatedContact27()]]>
              </value>
            </param>
          </params>
          <reporter-output>
          </reporter-output>
        </test-method> <!-- setUpAfterMethod -->
        <test-method is-config="true" signature="setUpBeforeMethod(java.lang.String,java.lang.String,java.lang.reflect.Method)[pri:0, instance:salesForce.ApplicationTest@4802796d]" started-at="2023-02-16T12:05:05 PST" name="setUpBeforeMethod" finished-at="2023-02-16T12:05:06 PST" duration-ms="1033" status="PASS">
          <params>
            <param index="0">
              <value>
                <![CDATA[chrome]]>
              </value>
            </param>
            <param index="1">
              <value>
                <![CDATA[https://login.salesforce.com/]]>
              </value>
            </param>
            <param index="2">
              <value>
                <![CDATA[public static void salesForce.ApplicationTest.myContacts28()]]>
              </value>
            </param>
          </params>
          <reporter-output>
          </reporter-output>
        </test-method> <!-- setUpBeforeMethod -->
        <test-method signature="myContacts28()[pri:23, instance:salesForce.ApplicationTest@4802796d]" started-at="2023-02-16T12:05:06 PST" name="myContacts28" finished-at="2023-02-16T12:05:18 PST" duration-ms="12106" status="PASS">
          <reporter-output>
          </reporter-output>
        </test-method> <!-- myContacts28 -->
        <test-method is-config="true" signature="setUpAfterMethod(java.lang.reflect.Method)[pri:0, instance:salesForce.ApplicationTest@4802796d]" started-at="2023-02-16T12:05:18 PST" name="setUpAfterMethod" finished-at="2023-02-16T12:05:21 PST" duration-ms="2569" status="PASS">
          <params>
            <param index="0">
              <value>
                <![CDATA[public static void salesForce.ApplicationTest.myContacts28()]]>
              </value>
            </param>
          </params>
          <reporter-output>
          </reporter-output>
        </test-method> <!-- setUpAfterMethod -->
        <test-method is-config="true" signature="setUpBeforeMethod(java.lang.String,java.lang.String,java.lang.reflect.Method)[pri:0, instance:salesForce.ApplicationTest@4802796d]" started-at="2023-02-16T12:05:21 PST" name="setUpBeforeMethod" finished-at="2023-02-16T12:05:22 PST" duration-ms="1004" status="PASS">
          <params>
            <param index="0">
              <value>
                <![CDATA[chrome]]>
              </value>
            </param>
            <param index="1">
              <value>
                <![CDATA[https://login.salesforce.com/]]>
              </value>
            </param>
            <param index="2">
              <value>
                <![CDATA[public static void salesForce.ApplicationTest.viewContact29()]]>
              </value>
            </param>
          </params>
          <reporter-output>
          </reporter-output>
        </test-method> <!-- setUpBeforeMethod -->
        <test-method signature="viewContact29()[pri:24, instance:salesForce.ApplicationTest@4802796d]" started-at="2023-02-16T12:05:22 PST" name="viewContact29" finished-at="2023-02-16T12:05:35 PST" duration-ms="13509" status="PASS">
          <reporter-output>
          </reporter-output>
        </test-method> <!-- viewContact29 -->
        <test-method is-config="true" signature="setUpAfterMethod(java.lang.reflect.Method)[pri:0, instance:salesForce.ApplicationTest@4802796d]" started-at="2023-02-16T12:05:35 PST" name="setUpAfterMethod" finished-at="2023-02-16T12:05:38 PST" duration-ms="2670" status="PASS">
          <params>
            <param index="0">
              <value>
                <![CDATA[public static void salesForce.ApplicationTest.viewContact29()]]>
              </value>
            </param>
          </params>
          <reporter-output>
          </reporter-output>
        </test-method> <!-- setUpAfterMethod -->
        <test-method is-config="true" signature="setUpBeforeMethod(java.lang.String,java.lang.String,java.lang.reflect.Method)[pri:0, instance:salesForce.ApplicationTest@4802796d]" started-at="2023-02-16T12:05:38 PST" name="setUpBeforeMethod" finished-at="2023-02-16T12:05:39 PST" duration-ms="1148" status="PASS">
          <params>
            <param index="0">
              <value>
                <![CDATA[chrome]]>
              </value>
            </param>
            <param index="1">
              <value>
                <![CDATA[https://login.salesforce.com/]]>
              </value>
            </param>
            <param index="2">
              <value>
                <![CDATA[public static void salesForce.ApplicationTest.errorNewView30()]]>
              </value>
            </param>
          </params>
          <reporter-output>
          </reporter-output>
        </test-method> <!-- setUpBeforeMethod -->
        <test-method signature="errorNewView30()[pri:25, instance:salesForce.ApplicationTest@4802796d]" started-at="2023-02-16T12:05:39 PST" name="errorNewView30" finished-at="2023-02-16T12:06:00 PST" duration-ms="20232" status="PASS">
          <reporter-output>
          </reporter-output>
        </test-method> <!-- errorNewView30 -->
        <test-method is-config="true" signature="setUpAfterMethod(java.lang.reflect.Method)[pri:0, instance:salesForce.ApplicationTest@4802796d]" started-at="2023-02-16T12:06:00 PST" name="setUpAfterMethod" finished-at="2023-02-16T12:06:07 PST" duration-ms="7485" status="PASS">
          <params>
            <param index="0">
              <value>
                <![CDATA[public static void salesForce.ApplicationTest.errorNewView30()]]>
              </value>
            </param>
          </params>
          <reporter-output>
          </reporter-output>
        </test-method> <!-- setUpAfterMethod -->
        <test-method is-config="true" signature="setUpBeforeMethod(java.lang.String,java.lang.String,java.lang.reflect.Method)[pri:0, instance:salesForce.ApplicationTest@4802796d]" started-at="2023-02-16T12:06:07 PST" name="setUpBeforeMethod" finished-at="2023-02-16T12:06:08 PST" duration-ms="1238" status="PASS">
          <params>
            <param index="0">
              <value>
                <![CDATA[chrome]]>
              </value>
            </param>
            <param index="1">
              <value>
                <![CDATA[https://login.salesforce.com/]]>
              </value>
            </param>
            <param index="2">
              <value>
                <![CDATA[public static void salesForce.ApplicationTest.cancelNewView31()]]>
              </value>
            </param>
          </params>
          <reporter-output>
          </reporter-output>
        </test-method> <!-- setUpBeforeMethod -->
        <test-method signature="cancelNewView31()[pri:26, instance:salesForce.ApplicationTest@4802796d]" started-at="2023-02-16T12:06:08 PST" name="cancelNewView31" finished-at="2023-02-16T12:06:26 PST" duration-ms="17724" status="PASS">
          <reporter-output>
          </reporter-output>
        </test-method> <!-- cancelNewView31 -->
        <test-method is-config="true" signature="setUpAfterMethod(java.lang.reflect.Method)[pri:0, instance:salesForce.ApplicationTest@4802796d]" started-at="2023-02-16T12:06:26 PST" name="setUpAfterMethod" finished-at="2023-02-16T12:06:29 PST" duration-ms="2605" status="PASS">
          <params>
            <param index="0">
              <value>
                <![CDATA[public static void salesForce.ApplicationTest.cancelNewView31()]]>
              </value>
            </param>
          </params>
          <reporter-output>
          </reporter-output>
        </test-method> <!-- setUpAfterMethod -->
        <test-method is-config="true" signature="setUpBeforeMethod(java.lang.String,java.lang.String,java.lang.reflect.Method)[pri:0, instance:salesForce.ApplicationTest@4802796d]" started-at="2023-02-16T12:06:29 PST" name="setUpBeforeMethod" finished-at="2023-02-16T12:06:30 PST" duration-ms="1167" status="PASS">
          <params>
            <param index="0">
              <value>
                <![CDATA[chrome]]>
              </value>
            </param>
            <param index="1">
              <value>
                <![CDATA[https://login.salesforce.com/]]>
              </value>
            </param>
            <param index="2">
              <value>
                <![CDATA[public static void salesForce.ApplicationTest.createsaveAndNew32()]]>
              </value>
            </param>
          </params>
          <reporter-output>
          </reporter-output>
        </test-method> <!-- setUpBeforeMethod -->
        <test-method signature="createsaveAndNew32()[pri:27, instance:salesForce.ApplicationTest@4802796d]" started-at="2023-02-16T12:06:30 PST" name="createsaveAndNew32" finished-at="2023-02-16T12:06:43 PST" duration-ms="13455" status="PASS">
          <reporter-output>
          </reporter-output>
        </test-method> <!-- createsaveAndNew32 -->
        <test-method is-config="true" signature="setUpAfterMethod(java.lang.reflect.Method)[pri:0, instance:salesForce.ApplicationTest@4802796d]" started-at="2023-02-16T12:06:43 PST" name="setUpAfterMethod" finished-at="2023-02-16T12:06:46 PST" duration-ms="2590" status="PASS">
          <params>
            <param index="0">
              <value>
                <![CDATA[public static void salesForce.ApplicationTest.createsaveAndNew32()]]>
              </value>
            </param>
          </params>
          <reporter-output>
          </reporter-output>
        </test-method> <!-- setUpAfterMethod -->
        <test-method is-config="true" signature="setUpBeforeMethod(java.lang.String,java.lang.String,java.lang.reflect.Method)[pri:0, instance:salesForce.ApplicationTest@4802796d]" started-at="2023-02-16T12:06:46 PST" name="setUpBeforeMethod" finished-at="2023-02-16T12:06:47 PST" duration-ms="1601" status="PASS">
          <params>
            <param index="0">
              <value>
                <![CDATA[chrome]]>
              </value>
            </param>
            <param index="1">
              <value>
                <![CDATA[https://login.salesforce.com/]]>
              </value>
            </param>
            <param index="2">
              <value>
                <![CDATA[public static void salesForce.ApplicationTest.firstlastName33()]]>
              </value>
            </param>
          </params>
          <reporter-output>
          </reporter-output>
        </test-method> <!-- setUpBeforeMethod -->
        <test-method signature="firstlastName33()[pri:28, instance:salesForce.ApplicationTest@4802796d]" started-at="2023-02-16T12:06:47 PST" name="firstlastName33" finished-at="2023-02-16T12:06:57 PST" duration-ms="9472" status="PASS">
          <reporter-output>
          </reporter-output>
        </test-method> <!-- firstlastName33 -->
        <test-method is-config="true" signature="setUpAfterMethod(java.lang.reflect.Method)[pri:0, instance:salesForce.ApplicationTest@4802796d]" started-at="2023-02-16T12:06:57 PST" name="setUpAfterMethod" finished-at="2023-02-16T12:06:59 PST" duration-ms="2579" status="PASS">
          <params>
            <param index="0">
              <value>
                <![CDATA[public static void salesForce.ApplicationTest.firstlastName33()]]>
              </value>
            </param>
          </params>
          <reporter-output>
          </reporter-output>
        </test-method> <!-- setUpAfterMethod -->
        <test-method is-config="true" signature="setUpBeforeMethod(java.lang.String,java.lang.String,java.lang.reflect.Method)[pri:0, instance:salesForce.ApplicationTest@4802796d]" started-at="2023-02-16T12:06:59 PST" name="setUpBeforeMethod" finished-at="2023-02-16T12:07:01 PST" duration-ms="1705" status="PASS">
          <params>
            <param index="0">
              <value>
                <![CDATA[chrome]]>
              </value>
            </param>
            <param index="1">
              <value>
                <![CDATA[https://login.salesforce.com/]]>
              </value>
            </param>
            <param index="2">
              <value>
                <![CDATA[public static void salesForce.ApplicationTest.verifyEditedlastName34()]]>
              </value>
            </param>
          </params>
          <reporter-output>
          </reporter-output>
        </test-method> <!-- setUpBeforeMethod -->
        <test-method signature="verifyEditedlastName34()[pri:29, instance:salesForce.ApplicationTest@4802796d]" started-at="2023-02-16T12:07:01 PST" name="verifyEditedlastName34" finished-at="2023-02-16T12:07:16 PST" duration-ms="14687" status="PASS">
          <reporter-output>
          </reporter-output>
        </test-method> <!-- verifyEditedlastName34 -->
        <test-method is-config="true" signature="setUpAfterMethod(java.lang.reflect.Method)[pri:0, instance:salesForce.ApplicationTest@4802796d]" started-at="2023-02-16T12:07:16 PST" name="setUpAfterMethod" finished-at="2023-02-16T12:07:19 PST" duration-ms="2720" status="PASS">
          <params>
            <param index="0">
              <value>
                <![CDATA[public static void salesForce.ApplicationTest.verifyEditedlastName34()]]>
              </value>
            </param>
          </params>
          <reporter-output>
          </reporter-output>
        </test-method> <!-- setUpAfterMethod -->
        <test-method is-config="true" signature="setUpBeforeMethod(java.lang.String,java.lang.String,java.lang.reflect.Method)[pri:0, instance:salesForce.ApplicationTest@4802796d]" started-at="2023-02-16T12:07:19 PST" name="setUpBeforeMethod" finished-at="2023-02-16T12:07:20 PST" duration-ms="1205" status="PASS">
          <params>
            <param index="0">
              <value>
                <![CDATA[chrome]]>
              </value>
            </param>
            <param index="1">
              <value>
                <![CDATA[https://login.salesforce.com/]]>
              </value>
            </param>
            <param index="2">
              <value>
                <![CDATA[public static void salesForce.ApplicationTest.verifyTabCustomization35()]]>
              </value>
            </param>
          </params>
          <reporter-output>
          </reporter-output>
        </test-method> <!-- setUpBeforeMethod -->
        <test-method signature="verifyTabCustomization35()[pri:30, instance:salesForce.ApplicationTest@4802796d]" started-at="2023-02-16T12:07:20 PST" name="verifyTabCustomization35" finished-at="2023-02-16T12:07:39 PST" duration-ms="19197" status="PASS">
          <reporter-output>
          </reporter-output>
        </test-method> <!-- verifyTabCustomization35 -->
        <test-method is-config="true" signature="setUpAfterMethod(java.lang.reflect.Method)[pri:0, instance:salesForce.ApplicationTest@4802796d]" started-at="2023-02-16T12:07:39 PST" name="setUpAfterMethod" finished-at="2023-02-16T12:07:42 PST" duration-ms="2573" status="PASS">
          <params>
            <param index="0">
              <value>
                <![CDATA[public static void salesForce.ApplicationTest.verifyTabCustomization35()]]>
              </value>
            </param>
          </params>
          <reporter-output>
          </reporter-output>
        </test-method> <!-- setUpAfterMethod -->
        <test-method is-config="true" signature="setUpBeforeMethod(java.lang.String,java.lang.String,java.lang.reflect.Method)[pri:0, instance:salesForce.ApplicationTest@4802796d]" started-at="2023-02-16T12:07:42 PST" name="setUpBeforeMethod" finished-at="2023-02-16T12:07:43 PST" duration-ms="1060" status="PASS">
          <params>
            <param index="0">
              <value>
                <![CDATA[chrome]]>
              </value>
            </param>
            <param index="1">
              <value>
                <![CDATA[https://login.salesforce.com/]]>
              </value>
            </param>
            <param index="2">
              <value>
                <![CDATA[public static void salesForce.ApplicationTest.blockingEvent36()]]>
              </value>
            </param>
          </params>
          <reporter-output>
          </reporter-output>
        </test-method> <!-- setUpBeforeMethod -->
        <test-method signature="blockingEvent36()[pri:31, instance:salesForce.ApplicationTest@4802796d]" started-at="2023-02-16T12:07:43 PST" name="blockingEvent36" finished-at="2023-02-16T12:08:11 PST" duration-ms="28802" status="PASS">
          <reporter-output>
          </reporter-output>
        </test-method> <!-- blockingEvent36 -->
        <test-method is-config="true" signature="setUpAfterMethod(java.lang.reflect.Method)[pri:0, instance:salesForce.ApplicationTest@4802796d]" started-at="2023-02-16T12:08:11 PST" name="setUpAfterMethod" finished-at="2023-02-16T12:08:14 PST" duration-ms="2689" status="PASS">
          <params>
            <param index="0">
              <value>
                <![CDATA[public static void salesForce.ApplicationTest.blockingEvent36()]]>
              </value>
            </param>
          </params>
          <reporter-output>
          </reporter-output>
        </test-method> <!-- setUpAfterMethod -->
        <test-method is-config="true" signature="setUpBeforeMethod(java.lang.String,java.lang.String,java.lang.reflect.Method)[pri:0, instance:salesForce.ApplicationTest@4802796d]" started-at="2023-02-16T12:08:14 PST" name="setUpBeforeMethod" finished-at="2023-02-16T12:08:16 PST" duration-ms="1586" status="PASS">
          <params>
            <param index="0">
              <value>
                <![CDATA[chrome]]>
              </value>
            </param>
            <param index="1">
              <value>
                <![CDATA[https://login.salesforce.com/]]>
              </value>
            </param>
            <param index="2">
              <value>
                <![CDATA[public static void salesForce.ApplicationTest.recurringEvent37()]]>
              </value>
            </param>
          </params>
          <reporter-output>
          </reporter-output>
        </test-method> <!-- setUpBeforeMethod -->
        <test-method signature="recurringEvent37()[pri:32, instance:salesForce.ApplicationTest@4802796d]" started-at="2023-02-16T12:08:16 PST" name="recurringEvent37" finished-at="2023-02-16T12:08:25 PST" duration-ms="9092" status="FAIL">
          <exception class="org.openqa.selenium.NoSuchElementException">
            <message>
              <![CDATA[no such element: Unable to locate element: {"method":"xpath","selector":"//span/a[1]"}
  (Session info: chrome=110.0.5481.100)
For documentation on this error, please visit: https://www.seleniumhq.org/exceptions/no_such_element.html
Build info: version: '3.141.59', revision: 'e82be7d358', time: '2018-11-14T08:17:03'
System info: host: 'PREETIACER', ip: '192.168.254.149', os.name: 'Windows 11', os.arch: 'amd64', os.version: '10.0', java.version: '19.0.1'
Driver info: org.openqa.selenium.chrome.ChromeDriver
Capabilities {acceptInsecureCerts: false, browserName: chrome, browserVersion: 110.0.5481.100, chrome: {chromedriverVersion: 110.0.5481.77 (65ed616c6e8e..., userDataDir: C:\Users\love_\AppData\Loca...}, goog:chromeOptions: {debuggerAddress: localhost:65103}, javascriptEnabled: true, networkConnectionEnabled: false, pageLoadStrategy: normal, platform: WINDOWS, platformName: WINDOWS, proxy: Proxy(), setWindowRect: true, strictFileInteractability: false, timeouts: {implicit: 0, pageLoad: 300000, script: 30000}, unhandledPromptBehavior: dismiss and notify, webauthn:extension:credBlob: true, webauthn:extension:largeBlob: true, webauthn:virtualAuthenticators: true}
Session ID: 31578e50b3fd56fc161b130fe0338e93
*** Element info: {Using=xpath, value=//span/a[1]}]]>
            </message>
            <full-stacktrace>
              <![CDATA[org.openqa.selenium.NoSuchElementException: no such element: Unable to locate element: {"method":"xpath","selector":"//span/a[1]"}
  (Session info: chrome=110.0.5481.100)
For documentation on this error, please visit: https://www.seleniumhq.org/exceptions/no_such_element.html
Build info: version: '3.141.59', revision: 'e82be7d358', time: '2018-11-14T08:17:03'
System info: host: 'PREETIACER', ip: '192.168.254.149', os.name: 'Windows 11', os.arch: 'amd64', os.version: '10.0', java.version: '19.0.1'
Driver info: org.openqa.selenium.chrome.ChromeDriver
Capabilities {acceptInsecureCerts: false, browserName: chrome, browserVersion: 110.0.5481.100, chrome: {chromedriverVersion: 110.0.5481.77 (65ed616c6e8e..., userDataDir: C:\Users\love_\AppData\Loca...}, goog:chromeOptions: {debuggerAddress: localhost:65103}, javascriptEnabled: true, networkConnectionEnabled: false, pageLoadStrategy: normal, platform: WINDOWS, platformName: WINDOWS, proxy: Proxy(), setWindowRect: true, strictFileInteractability: false, timeouts: {implicit: 0, pageLoad: 300000, script: 30000}, unhandledPromptBehavior: dismiss and notify, webauthn:extension:credBlob: true, webauthn:extension:largeBlob: true, webauthn:virtualAuthenticators: true}
Session ID: 31578e50b3fd56fc161b130fe0338e93
*** Element info: {Using=xpath, value=//span/a[1]}
at java.base/jdk.internal.reflect.DirectConstructorHandleAccessor.newInstance(DirectConstructorHandleAccessor.java:67)
at java.base/java.lang.reflect.Constructor.newInstanceWithCaller(Constructor.java:500)
at java.base/java.lang.reflect.Constructor.newInstance(Constructor.java:484)
at org.openqa.selenium.remote.http.W3CHttpResponseCodec.createException(W3CHttpResponseCodec.java:187)
at org.openqa.selenium.remote.http.W3CHttpResponseCodec.decode(W3CHttpResponseCodec.java:122)
at org.openqa.selenium.remote.http.W3CHttpResponseCodec.decode(W3CHttpResponseCodec.java:49)
at org.openqa.selenium.remote.HttpCommandExecutor.execute(HttpCommandExecutor.java:158)
at org.openqa.selenium.remote.service.DriverCommandExecutor.execute(DriverCommandExecutor.java:83)
at org.openqa.selenium.remote.RemoteWebDriver.execute(RemoteWebDriver.java:552)
at org.openqa.selenium.remote.RemoteWebDriver.findElement(RemoteWebDriver.java:323)
at org.openqa.selenium.remote.RemoteWebDriver.findElementByXPath(RemoteWebDriver.java:428)
at org.openqa.selenium.By$ByXPath.findElement(By.java:353)
at org.openqa.selenium.remote.RemoteWebDriver.findElement(RemoteWebDriver.java:315)
at salesForce.ApplicationTest.recurringEvent37(ApplicationTest.java:1209)
at java.base/jdk.internal.reflect.DirectMethodHandleAccessor.invoke(DirectMethodHandleAccessor.java:104)
at java.base/java.lang.reflect.Method.invoke(Method.java:578)
at org.testng.internal.invokers.MethodInvocationHelper.invokeMethod(MethodInvocationHelper.java:139)
at org.testng.internal.invokers.TestInvoker.invokeMethod(TestInvoker.java:677)
at org.testng.internal.invokers.TestInvoker.invokeTestMethod(TestInvoker.java:221)
at org.testng.internal.invokers.MethodRunner.runInSequence(MethodRunner.java:50)
at org.testng.internal.invokers.TestInvoker$MethodInvocationAgent.invoke(TestInvoker.java:962)
at org.testng.internal.invokers.TestInvoker.invokeTestMethods(TestInvoker.java:194)
at org.testng.internal.invokers.TestMethodWorker.invokeTestMethods(TestMethodWorker.java:148)
at org.testng.internal.invokers.TestMethodWorker.run(TestMethodWorker.java:128)
at java.base/java.util.ArrayList.forEach(ArrayList.java:1511)
at org.testng.TestRunner.privateRun(TestRunner.java:806)
at org.testng.TestRunner.run(TestRunner.java:601)
at org.testng.SuiteRunner.runTest(SuiteRunner.java:433)
at org.testng.SuiteRunner.runSequentially(SuiteRunner.java:427)
at org.testng.SuiteRunner.privateRun(SuiteRunner.java:387)
at org.testng.SuiteRunner.run(SuiteRunner.java:330)
at org.testng.SuiteRunnerWorker.runSuite(SuiteRunnerWorker.java:52)
at org.testng.SuiteRunnerWorker.run(SuiteRunnerWorker.java:95)
at org.testng.TestNG.runSuitesSequentially(TestNG.java:1256)
at org.testng.TestNG.runSuitesLocally(TestNG.java:1176)
at org.testng.TestNG.runSuites(TestNG.java:1099)
at org.testng.TestNG.run(TestNG.java:1067)
at org.testng.remote.AbstractRemoteTestNG.run(AbstractRemoteTestNG.java:115)
at org.testng.remote.RemoteTestNG.initAndRun(RemoteTestNG.java:251)
at org.testng.remote.RemoteTestNG.main(RemoteTestNG.java:77)
]]>
            </full-stacktrace>
          </exception> <!-- org.openqa.selenium.NoSuchElementException -->
          <reporter-output>
          </reporter-output>
        </test-method> <!-- recurringEvent37 -->
        <test-method is-config="true" signature="setUpAfterMethod(java.lang.reflect.Method)[pri:0, instance:salesForce.ApplicationTest@4802796d]" started-at="2023-02-16T12:08:27 PST" name="setUpAfterMethod" finished-at="2023-02-16T12:08:30 PST" duration-ms="2605" status="PASS">
          <params>
            <param index="0">
              <value>
                <![CDATA[public static void salesForce.ApplicationTest.recurringEvent37()]]>
              </value>
            </param>
          </params>
          <reporter-output>
          </reporter-output>
        </test-method> <!-- setUpAfterMethod -->
        <test-method is-config="true" signature="setUpAfterTest()[pri:0, instance:salesForce.ApplicationTest@4802796d]" started-at="2023-02-16T12:08:30 PST" name="setUpAfterTest" finished-at="2023-02-16T12:08:30 PST" duration-ms="376" status="PASS">
          <reporter-output>
          </reporter-output>
        </test-method> <!-- setUpAfterTest -->
      </class> <!-- salesForce.ApplicationTest -->
      <class name="salesForce.LoginTest">
        <test-method is-config="true" signature="setUpBeforeTest()[pri:0, instance:salesForce.LoginTest@55182842]" started-at="2023-02-16T11:57:45 PST" name="setUpBeforeTest" finished-at="2023-02-16T11:57:45 PST" duration-ms="1" status="PASS">
          <reporter-output>
          </reporter-output>
        </test-method> <!-- setUpBeforeTest -->
        <test-method is-config="true" signature="setUpBeforeMethod(java.lang.String,java.lang.String,java.lang.reflect.Method)[pri:0, instance:salesForce.LoginTest@55182842]" started-at="2023-02-16T11:57:45 PST" name="setUpBeforeMethod" finished-at="2023-02-16T11:57:47 PST" duration-ms="1619" status="PASS">
          <params>
            <param index="0">
              <value>
                <![CDATA[chrome]]>
              </value>
            </param>
            <param index="1">
              <value>
                <![CDATA[https://login.salesforce.com/]]>
              </value>
            </param>
            <param index="2">
              <value>
                <![CDATA[public static void salesForce.LoginTest.loginErrorMessage1()]]>
              </value>
            </param>
          </params>
          <reporter-output>
          </reporter-output>
        </test-method> <!-- setUpBeforeMethod -->
        <test-method signature="loginErrorMessage1()[pri:1, instance:salesForce.LoginTest@55182842]" started-at="2023-02-16T11:57:47 PST" name="loginErrorMessage1" finished-at="2023-02-16T11:57:48 PST" duration-ms="930" status="PASS">
          <reporter-output>
          </reporter-output>
        </test-method> <!-- loginErrorMessage1 -->
        <test-method is-config="true" signature="setUpAfterMethod(java.lang.reflect.Method)[pri:0, instance:salesForce.LoginTest@55182842]" started-at="2023-02-16T11:57:48 PST" name="setUpAfterMethod" finished-at="2023-02-16T11:57:48 PST" duration-ms="98" status="PASS">
          <params>
            <param index="0">
              <value>
                <![CDATA[public static void salesForce.LoginTest.loginErrorMessage1()]]>
              </value>
            </param>
          </params>
          <reporter-output>
          </reporter-output>
        </test-method> <!-- setUpAfterMethod -->
        <test-method is-config="true" signature="setUpBeforeMethod(java.lang.String,java.lang.String,java.lang.reflect.Method)[pri:0, instance:salesForce.LoginTest@55182842]" started-at="2023-02-16T11:57:48 PST" name="setUpBeforeMethod" finished-at="2023-02-16T11:57:49 PST" duration-ms="1115" status="PASS">
          <params>
            <param index="0">
              <value>
                <![CDATA[chrome]]>
              </value>
            </param>
            <param index="1">
              <value>
                <![CDATA[https://login.salesforce.com/]]>
              </value>
            </param>
            <param index="2">
              <value>
                <![CDATA[public static void salesForce.LoginTest.loginToSalesForce2()]]>
              </value>
            </param>
          </params>
          <reporter-output>
          </reporter-output>
        </test-method> <!-- setUpBeforeMethod -->
        <test-method signature="loginToSalesForce2()[pri:2, instance:salesForce.LoginTest@55182842]" started-at="2023-02-16T11:57:49 PST" name="loginToSalesForce2" finished-at="2023-02-16T11:57:54 PST" duration-ms="4996" status="PASS">
          <reporter-output>
          </reporter-output>
        </test-method> <!-- loginToSalesForce2 -->
        <test-method is-config="true" signature="setUpAfterMethod(java.lang.reflect.Method)[pri:0, instance:salesForce.LoginTest@55182842]" started-at="2023-02-16T11:57:54 PST" name="setUpAfterMethod" finished-at="2023-02-16T11:57:54 PST" duration-ms="83" status="PASS">
          <params>
            <param index="0">
              <value>
                <![CDATA[public static void salesForce.LoginTest.loginToSalesForce2()]]>
              </value>
            </param>
          </params>
          <reporter-output>
          </reporter-output>
        </test-method> <!-- setUpAfterMethod -->
        <test-method is-config="true" signature="setUpBeforeMethod(java.lang.String,java.lang.String,java.lang.reflect.Method)[pri:0, instance:salesForce.LoginTest@55182842]" started-at="2023-02-16T11:57:54 PST" name="setUpBeforeMethod" finished-at="2023-02-16T11:57:55 PST" duration-ms="1265" status="PASS">
          <params>
            <param index="0">
              <value>
                <![CDATA[chrome]]>
              </value>
            </param>
            <param index="1">
              <value>
                <![CDATA[https://login.salesforce.com/]]>
              </value>
            </param>
            <param index="2">
              <value>
                <![CDATA[public static void salesForce.LoginTest.checkRememberme3()]]>
              </value>
            </param>
          </params>
          <reporter-output>
          </reporter-output>
        </test-method> <!-- setUpBeforeMethod -->
        <test-method signature="checkRememberme3()[pri:3, instance:salesForce.LoginTest@55182842]" started-at="2023-02-16T11:57:55 PST" name="checkRememberme3" finished-at="2023-02-16T11:58:14 PST" duration-ms="18776" status="PASS">
          <reporter-output>
          </reporter-output>
        </test-method> <!-- checkRememberme3 -->
        <test-method is-config="true" signature="setUpAfterMethod(java.lang.reflect.Method)[pri:0, instance:salesForce.LoginTest@55182842]" started-at="2023-02-16T11:58:14 PST" name="setUpAfterMethod" finished-at="2023-02-16T11:58:14 PST" duration-ms="103" status="PASS">
          <params>
            <param index="0">
              <value>
                <![CDATA[public static void salesForce.LoginTest.checkRememberme3()]]>
              </value>
            </param>
          </params>
          <reporter-output>
          </reporter-output>
        </test-method> <!-- setUpAfterMethod -->
        <test-method is-config="true" signature="setUpBeforeMethod(java.lang.String,java.lang.String,java.lang.reflect.Method)[pri:0, instance:salesForce.LoginTest@55182842]" started-at="2023-02-16T11:58:14 PST" name="setUpBeforeMethod" finished-at="2023-02-16T11:58:16 PST" duration-ms="1241" status="PASS">
          <params>
            <param index="0">
              <value>
                <![CDATA[chrome]]>
              </value>
            </param>
            <param index="1">
              <value>
                <![CDATA[https://login.salesforce.com/]]>
              </value>
            </param>
            <param index="2">
              <value>
                <![CDATA[public static void salesForce.LoginTest.forgotPassword4A()]]>
              </value>
            </param>
          </params>
          <reporter-output>
          </reporter-output>
        </test-method> <!-- setUpBeforeMethod -->
        <test-method signature="forgotPassword4A()[pri:4, instance:salesForce.LoginTest@55182842]" started-at="2023-02-16T11:58:16 PST" name="forgotPassword4A" finished-at="2023-02-16T11:58:17 PST" duration-ms="1339" status="PASS">
          <reporter-output>
          </reporter-output>
        </test-method> <!-- forgotPassword4A -->
        <test-method is-config="true" signature="setUpAfterMethod(java.lang.reflect.Method)[pri:0, instance:salesForce.LoginTest@55182842]" started-at="2023-02-16T11:58:17 PST" name="setUpAfterMethod" finished-at="2023-02-16T11:58:17 PST" duration-ms="79" status="PASS">
          <params>
            <param index="0">
              <value>
                <![CDATA[public static void salesForce.LoginTest.forgotPassword4A()]]>
              </value>
            </param>
          </params>
          <reporter-output>
          </reporter-output>
        </test-method> <!-- setUpAfterMethod -->
        <test-method is-config="true" signature="setUpBeforeMethod(java.lang.String,java.lang.String,java.lang.reflect.Method)[pri:0, instance:salesForce.LoginTest@55182842]" started-at="2023-02-16T11:58:17 PST" name="setUpBeforeMethod" finished-at="2023-02-16T11:58:18 PST" duration-ms="1061" status="PASS">
          <params>
            <param index="0">
              <value>
                <![CDATA[chrome]]>
              </value>
            </param>
            <param index="1">
              <value>
                <![CDATA[https://login.salesforce.com/]]>
              </value>
            </param>
            <param index="2">
              <value>
                <![CDATA[public static void salesForce.LoginTest.forgotPassword4B()]]>
              </value>
            </param>
          </params>
          <reporter-output>
          </reporter-output>
        </test-method> <!-- setUpBeforeMethod -->
        <test-method signature="forgotPassword4B()[pri:5, instance:salesForce.LoginTest@55182842]" started-at="2023-02-16T11:58:18 PST" name="forgotPassword4B" finished-at="2023-02-16T11:58:19 PST" duration-ms="1380" status="PASS">
          <reporter-output>
          </reporter-output>
        </test-method> <!-- forgotPassword4B -->
        <test-method is-config="true" signature="setUpAfterMethod(java.lang.reflect.Method)[pri:0, instance:salesForce.LoginTest@55182842]" started-at="2023-02-16T11:58:19 PST" name="setUpAfterMethod" finished-at="2023-02-16T11:58:19 PST" duration-ms="96" status="PASS">
          <params>
            <param index="0">
              <value>
                <![CDATA[public static void salesForce.LoginTest.forgotPassword4B()]]>
              </value>
            </param>
          </params>
          <reporter-output>
          </reporter-output>
        </test-method> <!-- setUpAfterMethod -->
        <test-method is-config="true" signature="setUpAfterTest()[pri:0, instance:salesForce.LoginTest@55182842]" started-at="2023-02-16T12:08:30 PST" name="setUpAfterTest" finished-at="2023-02-16T12:08:30 PST" duration-ms="0" status="PASS">
          <reporter-output>
          </reporter-output>
        </test-method> <!-- setUpAfterTest -->
      </class> <!-- salesForce.LoginTest -->
    </test> <!-- Test -->
  </suite> <!-- Suite -->
</testng-results>
