<?xml version="1.0" encoding="UTF-8"?>
<!-- Generated by org.testng.reporters.JUnitXMLReporter -->
<testsuite ignored="30" hostname="preetiacer" failures="2" tests="3" name="Test(failed)(failed)(failed)" time="58.636" errors="0" timestamp="2023-02-15T21:56:36 PST">
  <testcase classname="salesForce.ApplicationTest" name="defaultView22" time="9.978">
    <failure type="org.openqa.selenium.StaleElementReferenceException" message="stale element reference: element is not attached to the page document
  (Session info: chrome=110.0.5481.100)
For documentation on this error, please visit: https://www.seleniumhq.org/exceptions/stale_element_reference.html
Build info: version: &amp;apos;3.141.59&amp;apos;, revision: &amp;apos;e82be7d358&amp;apos;, time: &amp;apos;2018-11-14T08:17:03&amp;apos;
System info: host: &amp;apos;PREETIACER&amp;apos;, ip: &amp;apos;192.168.254.149&amp;apos;, os.name: &amp;apos;Windows 11&amp;apos;, os.arch: &amp;apos;amd64&amp;apos;, os.version: &amp;apos;10.0&amp;apos;, java.version: &amp;apos;19.0.1&amp;apos;
Driver info: org.openqa.selenium.chrome.ChromeDriver
Capabilities {acceptInsecureCerts: false, browserName: chrome, browserVersion: 110.0.5481.100, chrome: {chromedriverVersion: 110.0.5481.77 (65ed616c6e8e..., userDataDir: C:\Users\love_\AppData\Loca...}, goog:chromeOptions: {debuggerAddress: localhost:55237}, javascriptEnabled: true, networkConnectionEnabled: false, pageLoadStrategy: normal, platform: WINDOWS, platformName: WINDOWS, proxy: Proxy(), setWindowRect: true, strictFileInteractability: false, timeouts: {implicit: 0, pageLoad: 300000, script: 30000}, unhandledPromptBehavior: dismiss and notify, webauthn:extension:credBlob: true, webauthn:extension:largeBlob: true, webauthn:virtualAuthenticators: true}
Session ID: e92586a385fd6899dfd5e9486392332a">
      <![CDATA[org.openqa.selenium.StaleElementReferenceException: stale element reference: element is not attached to the page document
  (Session info: chrome=110.0.5481.100)
For documentation on this error, please visit: https://www.seleniumhq.org/exceptions/stale_element_reference.html
Build info: version: '3.141.59', revision: 'e82be7d358', time: '2018-11-14T08:17:03'
System info: host: 'PREETIACER', ip: '192.168.254.149', os.name: 'Windows 11', os.arch: 'amd64', os.version: '10.0', java.version: '19.0.1'
Driver info: org.openqa.selenium.chrome.ChromeDriver
Capabilities {acceptInsecureCerts: false, browserName: chrome, browserVersion: 110.0.5481.100, chrome: {chromedriverVersion: 110.0.5481.77 (65ed616c6e8e..., userDataDir: C:\Users\love_\AppData\Loca...}, goog:chromeOptions: {debuggerAddress: localhost:55237}, javascriptEnabled: true, networkConnectionEnabled: false, pageLoadStrategy: normal, platform: WINDOWS, platformName: WINDOWS, proxy: Proxy(), setWindowRect: true, strictFileInteractability: false, timeouts: {implicit: 0, pageLoad: 300000, script: 30000}, unhandledPromptBehavior: dismiss and notify, webauthn:extension:credBlob: true, webauthn:extension:largeBlob: true, webauthn:virtualAuthenticators: true}
Session ID: e92586a385fd6899dfd5e9486392332a
at org.openqa.selenium.remote.http.W3CHttpResponseCodec.createException(W3CHttpResponseCodec.java:187)
at org.openqa.selenium.remote.http.W3CHttpResponseCodec.decode(W3CHttpResponseCodec.java:122)
at org.openqa.selenium.remote.http.W3CHttpResponseCodec.decode(W3CHttpResponseCodec.java:49)
at org.openqa.selenium.remote.HttpCommandExecutor.execute(HttpCommandExecutor.java:158)
at org.openqa.selenium.remote.service.DriverCommandExecutor.execute(DriverCommandExecutor.java:83)
at org.openqa.selenium.remote.RemoteWebDriver.execute(RemoteWebDriver.java:552)
at org.openqa.selenium.remote.RemoteWebElement.execute(RemoteWebElement.java:285)
at org.openqa.selenium.remote.RemoteWebElement.getTagName(RemoteWebElement.java:128)
at org.openqa.selenium.support.ui.Select.<init>(Select.java:45)
at salesForce.ParentApplicationTest.getSelectedOption(ParentApplicationTest.java:246)
at salesForce.ApplicationTest.defaultView22(ApplicationTest.java:741)
at java.base/java.util.ArrayList.forEach(ArrayList.java:1511)
... Removed 28 stack frames]]>
    </failure>
  </testcase> <!-- defaultView22 -->
  <testcase classname="salesForce.ApplicationTest" name="todaysLeads23" time="11.679">
    <failure type="org.openqa.selenium.StaleElementReferenceException" message="stale element reference: element is not attached to the page document
  (Session info: chrome=110.0.5481.100)
For documentation on this error, please visit: https://www.seleniumhq.org/exceptions/stale_element_reference.html
Build info: version: &amp;apos;3.141.59&amp;apos;, revision: &amp;apos;e82be7d358&amp;apos;, time: &amp;apos;2018-11-14T08:17:03&amp;apos;
System info: host: &amp;apos;PREETIACER&amp;apos;, ip: &amp;apos;192.168.254.149&amp;apos;, os.name: &amp;apos;Windows 11&amp;apos;, os.arch: &amp;apos;amd64&amp;apos;, os.version: &amp;apos;10.0&amp;apos;, java.version: &amp;apos;19.0.1&amp;apos;
Driver info: org.openqa.selenium.chrome.ChromeDriver
Capabilities {acceptInsecureCerts: false, browserName: chrome, browserVersion: 110.0.5481.100, chrome: {chromedriverVersion: 110.0.5481.77 (65ed616c6e8e..., userDataDir: C:\Users\love_\AppData\Loca...}, goog:chromeOptions: {debuggerAddress: localhost:55283}, javascriptEnabled: true, networkConnectionEnabled: false, pageLoadStrategy: normal, platform: WINDOWS, platformName: WINDOWS, proxy: Proxy(), setWindowRect: true, strictFileInteractability: false, timeouts: {implicit: 0, pageLoad: 300000, script: 30000}, unhandledPromptBehavior: dismiss and notify, webauthn:extension:credBlob: true, webauthn:extension:largeBlob: true, webauthn:virtualAuthenticators: true}
Session ID: 7a6fb79c65779d5fdb3764564f6aa5a0">
      <![CDATA[org.openqa.selenium.StaleElementReferenceException: stale element reference: element is not attached to the page document
  (Session info: chrome=110.0.5481.100)
For documentation on this error, please visit: https://www.seleniumhq.org/exceptions/stale_element_reference.html
Build info: version: '3.141.59', revision: 'e82be7d358', time: '2018-11-14T08:17:03'
System info: host: 'PREETIACER', ip: '192.168.254.149', os.name: 'Windows 11', os.arch: 'amd64', os.version: '10.0', java.version: '19.0.1'
Driver info: org.openqa.selenium.chrome.ChromeDriver
Capabilities {acceptInsecureCerts: false, browserName: chrome, browserVersion: 110.0.5481.100, chrome: {chromedriverVersion: 110.0.5481.77 (65ed616c6e8e..., userDataDir: C:\Users\love_\AppData\Loca...}, goog:chromeOptions: {debuggerAddress: localhost:55283}, javascriptEnabled: true, networkConnectionEnabled: false, pageLoadStrategy: normal, platform: WINDOWS, platformName: WINDOWS, proxy: Proxy(), setWindowRect: true, strictFileInteractability: false, timeouts: {implicit: 0, pageLoad: 300000, script: 30000}, unhandledPromptBehavior: dismiss and notify, webauthn:extension:credBlob: true, webauthn:extension:largeBlob: true, webauthn:virtualAuthenticators: true}
Session ID: 7a6fb79c65779d5fdb3764564f6aa5a0
at org.openqa.selenium.remote.http.W3CHttpResponseCodec.createException(W3CHttpResponseCodec.java:187)
at org.openqa.selenium.remote.http.W3CHttpResponseCodec.decode(W3CHttpResponseCodec.java:122)
at org.openqa.selenium.remote.http.W3CHttpResponseCodec.decode(W3CHttpResponseCodec.java:49)
at org.openqa.selenium.remote.HttpCommandExecutor.execute(HttpCommandExecutor.java:158)
at org.openqa.selenium.remote.service.DriverCommandExecutor.execute(DriverCommandExecutor.java:83)
at org.openqa.selenium.remote.RemoteWebDriver.execute(RemoteWebDriver.java:552)
at org.openqa.selenium.remote.RemoteWebElement.execute(RemoteWebElement.java:285)
at org.openqa.selenium.remote.RemoteWebElement.getTagName(RemoteWebElement.java:128)
at org.openqa.selenium.support.ui.Select.<init>(Select.java:45)
at salesForce.ParentApplicationTest.getSelectedOption(ParentApplicationTest.java:246)
at salesForce.ApplicationTest.todaysLeads23(ApplicationTest.java:780)
at java.base/java.util.ArrayList.forEach(ArrayList.java:1511)
... Removed 28 stack frames]]>
    </failure>
  </testcase> <!-- todaysLeads23 -->
  <testcase classname="salesForce.ApplicationTest" name="blockingEvent36" time="22.141"/>
  <testcase classname="salesForce.ApplicationTest" name="testQuaterlySummaryReport19" time="0.0">
    <ignored/>
  </testcase> <!-- testQuaterlySummaryReport19 -->
  <testcase classname="salesForce.ApplicationTest" name="newLeads24" time="0.0">
    <ignored/>
  </testcase> <!-- newLeads24 -->
  <testcase classname="salesForce.ApplicationTest" name="myContacts28" time="0.0">
    <ignored/>
  </testcase> <!-- myContacts28 -->
  <testcase classname="salesForce.ApplicationTest" name="mergeAccounts13" time="0.0">
    <ignored/>
  </testcase> <!-- mergeAccounts13 -->
  <testcase classname="salesForce.ApplicationTest" name="recentlyCreatedContact27" time="0.0">
    <ignored/>
  </testcase> <!-- recentlyCreatedContact27 -->
  <testcase classname="salesForce.ApplicationTest" name="createsaveAndNew32" time="0.0">
    <ignored/>
  </testcase> <!-- createsaveAndNew32 -->
  <testcase classname="salesForce.ApplicationTest" name="createNewContact25" time="0.0">
    <ignored/>
  </testcase> <!-- createNewContact25 -->
  <testcase classname="salesForce.ApplicationTest" name="opportunitiesDropdown15" time="0.0">
    <ignored/>
  </testcase> <!-- opportunitiesDropdown15 -->
  <testcase classname="salesForce.ApplicationTest" name="createNewView11" time="0.0">
    <ignored/>
  </testcase> <!-- createNewView11 -->
  <testcase classname="salesForce.ApplicationTest" name="userMenu5" time="0.0">
    <ignored/>
  </testcase> <!-- userMenu5 -->
  <testcase classname="salesForce.ApplicationTest" name="logoutOption9" time="0.0">
    <ignored/>
  </testcase> <!-- logoutOption9 -->
  <testcase classname="salesForce.ApplicationTest" name="errorNewView30" time="0.0">
    <ignored/>
  </testcase> <!-- errorNewView30 -->
  <testcase classname="salesForce.ApplicationTest" name="myProfileOption6" time="0.0">
    <ignored/>
  </testcase> <!-- myProfileOption6 -->
  <testcase classname="salesForce.ApplicationTest" name="editView12" time="0.0">
    <ignored/>
  </testcase> <!-- editView12 -->
  <testcase classname="salesForce.ApplicationTest" name="mySettingsOption7" time="0.0">
    <ignored/>
  </testcase> <!-- mySettingsOption7 -->
  <testcase classname="salesForce.ApplicationTest" name="createNewOpty16" time="0.0">
    <ignored/>
  </testcase> <!-- createNewOpty16 -->
  <testcase classname="salesForce.ApplicationTest" name="verifyEditedlastName34" time="0.0">
    <ignored/>
  </testcase> <!-- verifyEditedlastName34 -->
  <testcase classname="salesForce.ApplicationTest" name="testOptyPipelineReport17" time="0.0">
    <ignored/>
  </testcase> <!-- testOptyPipelineReport17 -->
  <testcase classname="salesForce.ApplicationTest" name="contactNewView26" time="0.0">
    <ignored/>
  </testcase> <!-- contactNewView26 -->
  <testcase classname="salesForce.ApplicationTest" name="verifyTabCustomization35" time="0.0">
    <ignored/>
  </testcase> <!-- verifyTabCustomization35 -->
  <testcase classname="salesForce.ApplicationTest" name="developersConsole8" time="0.0">
    <ignored/>
  </testcase> <!-- developersConsole8 -->
  <testcase classname="salesForce.ApplicationTest" name="recurringEvent37" time="0.0">
    <ignored/>
  </testcase> <!-- recurringEvent37 -->
  <testcase classname="salesForce.ApplicationTest" name="leadsSelectView21" time="0.0">
    <ignored/>
  </testcase> <!-- leadsSelectView21 -->
  <testcase classname="salesForce.ApplicationTest" name="createAccountReport14" time="0.0">
    <ignored/>
  </testcase> <!-- createAccountReport14 -->
  <testcase classname="salesForce.ApplicationTest" name="testStuckOptyReport18" time="0.0">
    <ignored/>
  </testcase> <!-- testStuckOptyReport18 -->
  <testcase classname="salesForce.ApplicationTest" name="firstlastName33" time="0.0">
    <ignored/>
  </testcase> <!-- firstlastName33 -->
  <testcase classname="salesForce.ApplicationTest" name="leadsTab20" time="0.0">
    <ignored/>
  </testcase> <!-- leadsTab20 -->
  <testcase classname="salesForce.ApplicationTest" name="createAccount10" time="0.0">
    <ignored/>
  </testcase> <!-- createAccount10 -->
  <testcase classname="salesForce.ApplicationTest" name="viewContact29" time="0.0">
    <ignored/>
  </testcase> <!-- viewContact29 -->
  <testcase classname="salesForce.ApplicationTest" name="cancelNewView31" time="0.0">
    <ignored/>
  </testcase> <!-- cancelNewView31 -->
</testsuite> <!-- Test(failed)(failed)(failed) -->
